2015-10-22 09:53:39,905 [INFO] from play.core.server.NettyServer in pool-241-thread-1 - Listening for HTTP on /0:0:0:0:0:0:0:0:9000
2015-10-22 09:53:42,871 [INFO] from application in ForkJoinPool-2-worker-1 - Creating Pool for datasource 'default'
2015-10-22 09:53:43,479 [INFO] from play.api.db.HikariCPConnectionPool in ForkJoinPool-2-worker-1 - datasource [default] bound to JNDI as DefaultDS
2015-10-22 09:53:43,487 [INFO] from play.api.db.DefaultDBApi in ForkJoinPool-2-worker-1 - Database [default] connected at jdbc:postgresql://localhost:5432/linuxday2015
2015-10-22 09:53:44,154 [INFO] from application in ForkJoinPool-2-worker-1 - Global...on start
2015-10-22 09:53:44,159 [INFO] from play.api.Play in ForkJoinPool-2-worker-1 - Application started (Dev)
2015-10-22 09:53:45,119 [WARN] from org.hibernate.ejb.HibernatePersistence in application-akka.actor.default-dispatcher-3 - HHH015016: Encountered a deprecated javax.persistence.spi.PersistenceProvider [org.hibernate.ejb.HibernatePersistence]; use [org.hibernate.jpa.HibernatePersistenceProvider] instead.
2015-10-22 09:53:45,125 [WARN] from org.hibernate.ejb.HibernatePersistence in application-akka.actor.default-dispatcher-3 - HHH015016: Encountered a deprecated javax.persistence.spi.PersistenceProvider [org.hibernate.ejb.HibernatePersistence]; use [org.hibernate.jpa.HibernatePersistenceProvider] instead.
2015-10-22 09:53:45,125 [WARN] from org.hibernate.ejb.HibernatePersistence in application-akka.actor.default-dispatcher-3 - HHH015016: Encountered a deprecated javax.persistence.spi.PersistenceProvider [org.hibernate.ejb.HibernatePersistence]; use [org.hibernate.jpa.HibernatePersistenceProvider] instead.
2015-10-22 09:53:47,231 [ERROR] from org.hibernate.tool.hbm2ddl.SchemaExport in application-akka.actor.default-dispatcher-3 - HHH000389: Unsuccessful: drop sequence warnings_seq
2015-10-22 09:53:47,232 [ERROR] from org.hibernate.tool.hbm2ddl.SchemaExport in application-akka.actor.default-dispatcher-3 - ERROR: sequence "warnings_seq" does not exist
2015-10-22 09:58:38,499 [INFO] from application in application-akka.actor.default-dispatcher-8 - Shutting down connection pool.
2015-10-22 09:58:38,911 [INFO] from application in application-akka.actor.default-dispatcher-8 - Creating Pool for datasource 'default'
2015-10-22 09:58:38,918 [INFO] from play.api.db.HikariCPConnectionPool in application-akka.actor.default-dispatcher-8 - datasource [default] bound to JNDI as DefaultDS
2015-10-22 09:58:38,919 [INFO] from play.api.db.DefaultDBApi in application-akka.actor.default-dispatcher-8 - Database [default] connected at jdbc:postgresql://localhost:5432/linuxday2015
2015-10-22 09:58:38,987 [INFO] from application in application-akka.actor.default-dispatcher-8 - Global...on start
2015-10-22 09:58:38,988 [INFO] from play.api.Play in application-akka.actor.default-dispatcher-8 - Application started (Dev)
2015-10-22 09:58:39,320 [WARN] from org.hibernate.ejb.HibernatePersistence in application-akka.actor.default-dispatcher-2 - HHH015016: Encountered a deprecated javax.persistence.spi.PersistenceProvider [org.hibernate.ejb.HibernatePersistence]; use [org.hibernate.jpa.HibernatePersistenceProvider] instead.
2015-10-22 09:58:39,321 [WARN] from org.hibernate.ejb.HibernatePersistence in application-akka.actor.default-dispatcher-2 - HHH015016: Encountered a deprecated javax.persistence.spi.PersistenceProvider [org.hibernate.ejb.HibernatePersistence]; use [org.hibernate.jpa.HibernatePersistenceProvider] instead.
2015-10-22 09:58:39,321 [WARN] from org.hibernate.ejb.HibernatePersistence in application-akka.actor.default-dispatcher-2 - HHH015016: Encountered a deprecated javax.persistence.spi.PersistenceProvider [org.hibernate.ejb.HibernatePersistence]; use [org.hibernate.jpa.HibernatePersistenceProvider] instead.
2015-10-22 09:58:39,682 [ERROR] from org.hibernate.tool.hbm2ddl.SchemaExport in application-akka.actor.default-dispatcher-2 - HHH000389: Unsuccessful: drop sequence warnings_seq
2015-10-22 09:58:39,682 [ERROR] from org.hibernate.tool.hbm2ddl.SchemaExport in application-akka.actor.default-dispatcher-2 - ERROR: sequence "warnings_seq" does not exist
2015-10-22 10:02:13,166 [INFO] from application in application-akka.actor.default-dispatcher-4 - Shutting down connection pool.
2015-10-22 10:02:13,531 [INFO] from application in application-akka.actor.default-dispatcher-4 - Creating Pool for datasource 'default'
2015-10-22 10:02:13,541 [INFO] from play.api.db.HikariCPConnectionPool in application-akka.actor.default-dispatcher-4 - datasource [default] bound to JNDI as DefaultDS
2015-10-22 10:02:13,541 [INFO] from play.api.db.DefaultDBApi in application-akka.actor.default-dispatcher-4 - Database [default] connected at jdbc:postgresql://localhost:5432/linuxday2015
2015-10-22 10:02:13,602 [INFO] from application in application-akka.actor.default-dispatcher-4 - Global...on start
2015-10-22 10:02:13,602 [INFO] from play.api.Play in application-akka.actor.default-dispatcher-4 - Application started (Dev)
2015-10-22 10:02:13,911 [WARN] from org.hibernate.ejb.HibernatePersistence in application-akka.actor.default-dispatcher-3 - HHH015016: Encountered a deprecated javax.persistence.spi.PersistenceProvider [org.hibernate.ejb.HibernatePersistence]; use [org.hibernate.jpa.HibernatePersistenceProvider] instead.
2015-10-22 10:02:13,911 [WARN] from org.hibernate.ejb.HibernatePersistence in application-akka.actor.default-dispatcher-3 - HHH015016: Encountered a deprecated javax.persistence.spi.PersistenceProvider [org.hibernate.ejb.HibernatePersistence]; use [org.hibernate.jpa.HibernatePersistenceProvider] instead.
2015-10-22 10:02:13,911 [WARN] from org.hibernate.ejb.HibernatePersistence in application-akka.actor.default-dispatcher-3 - HHH015016: Encountered a deprecated javax.persistence.spi.PersistenceProvider [org.hibernate.ejb.HibernatePersistence]; use [org.hibernate.jpa.HibernatePersistenceProvider] instead.
2015-10-22 10:02:14,294 [ERROR] from org.hibernate.tool.hbm2ddl.SchemaExport in application-akka.actor.default-dispatcher-3 - HHH000389: Unsuccessful: drop sequence warnings_seq
2015-10-22 10:02:14,294 [ERROR] from org.hibernate.tool.hbm2ddl.SchemaExport in application-akka.actor.default-dispatcher-3 - ERROR: sequence "warnings_seq" does not exist
2015-10-22 10:08:46,245 [INFO] from application in application-akka.actor.default-dispatcher-4 - Shutting down connection pool.
2015-10-22 10:08:46,339 [INFO] from application in application-akka.actor.default-dispatcher-4 - Creating Pool for datasource 'default'
2015-10-22 10:08:46,349 [INFO] from play.api.db.HikariCPConnectionPool in application-akka.actor.default-dispatcher-4 - datasource [default] bound to JNDI as DefaultDS
2015-10-22 10:08:46,349 [INFO] from play.api.db.DefaultDBApi in application-akka.actor.default-dispatcher-4 - Database [default] connected at jdbc:postgresql://localhost:5432/linuxday2015
2015-10-22 10:08:46,516 [INFO] from application in application-akka.actor.default-dispatcher-4 - Global...on start
2015-10-22 10:08:46,517 [INFO] from play.api.Play in application-akka.actor.default-dispatcher-4 - Application started (Dev)
2015-10-22 10:10:06,179 [INFO] from application in application-akka.actor.default-dispatcher-4 - Shutting down connection pool.
2015-10-22 10:10:06,242 [INFO] from application in application-akka.actor.default-dispatcher-4 - Creating Pool for datasource 'default'
2015-10-22 10:10:06,254 [INFO] from play.api.db.HikariCPConnectionPool in application-akka.actor.default-dispatcher-4 - datasource [default] bound to JNDI as DefaultDS
2015-10-22 10:10:06,255 [INFO] from play.api.db.DefaultDBApi in application-akka.actor.default-dispatcher-4 - Database [default] connected at jdbc:postgresql://localhost:5432/linuxday2015
2015-10-22 10:10:06,309 [INFO] from application in application-akka.actor.default-dispatcher-4 - Global...on start
2015-10-22 10:10:06,309 [INFO] from play.api.Play in application-akka.actor.default-dispatcher-4 - Application started (Dev)
2015-10-22 10:10:06,706 [WARN] from org.hibernate.ejb.HibernatePersistence in application-akka.actor.default-dispatcher-5 - HHH015016: Encountered a deprecated javax.persistence.spi.PersistenceProvider [org.hibernate.ejb.HibernatePersistence]; use [org.hibernate.jpa.HibernatePersistenceProvider] instead.
2015-10-22 10:10:06,707 [WARN] from org.hibernate.ejb.HibernatePersistence in application-akka.actor.default-dispatcher-5 - HHH015016: Encountered a deprecated javax.persistence.spi.PersistenceProvider [org.hibernate.ejb.HibernatePersistence]; use [org.hibernate.jpa.HibernatePersistenceProvider] instead.
2015-10-22 10:10:06,707 [WARN] from org.hibernate.ejb.HibernatePersistence in application-akka.actor.default-dispatcher-5 - HHH015016: Encountered a deprecated javax.persistence.spi.PersistenceProvider [org.hibernate.ejb.HibernatePersistence]; use [org.hibernate.jpa.HibernatePersistenceProvider] instead.
2015-10-22 10:10:07,048 [ERROR] from org.hibernate.tool.hbm2ddl.SchemaExport in application-akka.actor.default-dispatcher-5 - HHH000389: Unsuccessful: drop sequence warnings_seq
2015-10-22 10:10:07,048 [ERROR] from org.hibernate.tool.hbm2ddl.SchemaExport in application-akka.actor.default-dispatcher-5 - ERROR: sequence "warnings_seq" does not exist
2015-10-22 10:11:34,543 [INFO] from application in application-akka.actor.default-dispatcher-4 - Shutting down connection pool.
2015-10-22 10:11:34,630 [INFO] from application in application-akka.actor.default-dispatcher-4 - Creating Pool for datasource 'default'
2015-10-22 10:11:34,639 [INFO] from play.api.db.HikariCPConnectionPool in application-akka.actor.default-dispatcher-4 - datasource [default] bound to JNDI as DefaultDS
2015-10-22 10:11:34,639 [INFO] from play.api.db.DefaultDBApi in application-akka.actor.default-dispatcher-4 - Database [default] connected at jdbc:postgresql://localhost:5432/linuxday2015
2015-10-22 10:11:34,694 [INFO] from application in application-akka.actor.default-dispatcher-4 - Global...on start
2015-10-22 10:11:34,695 [INFO] from play.api.Play in application-akka.actor.default-dispatcher-4 - Application started (Dev)
2015-10-22 10:11:34,977 [WARN] from org.hibernate.ejb.HibernatePersistence in application-akka.actor.default-dispatcher-4 - HHH015016: Encountered a deprecated javax.persistence.spi.PersistenceProvider [org.hibernate.ejb.HibernatePersistence]; use [org.hibernate.jpa.HibernatePersistenceProvider] instead.
2015-10-22 10:11:34,978 [WARN] from org.hibernate.ejb.HibernatePersistence in application-akka.actor.default-dispatcher-4 - HHH015016: Encountered a deprecated javax.persistence.spi.PersistenceProvider [org.hibernate.ejb.HibernatePersistence]; use [org.hibernate.jpa.HibernatePersistenceProvider] instead.
2015-10-22 10:11:34,978 [WARN] from org.hibernate.ejb.HibernatePersistence in application-akka.actor.default-dispatcher-4 - HHH015016: Encountered a deprecated javax.persistence.spi.PersistenceProvider [org.hibernate.ejb.HibernatePersistence]; use [org.hibernate.jpa.HibernatePersistenceProvider] instead.
2015-10-22 10:11:35,254 [ERROR] from org.hibernate.tool.hbm2ddl.SchemaExport in application-akka.actor.default-dispatcher-4 - HHH000389: Unsuccessful: drop sequence warnings_seq
2015-10-22 10:11:35,254 [ERROR] from org.hibernate.tool.hbm2ddl.SchemaExport in application-akka.actor.default-dispatcher-4 - ERROR: sequence "warnings_seq" does not exist
2015-10-22 11:38:06,240 [INFO] from application in application-akka.actor.default-dispatcher-8 - Shutting down connection pool.
2015-10-22 11:38:06,336 [INFO] from application in application-akka.actor.default-dispatcher-8 - Creating Pool for datasource 'default'
2015-10-22 11:38:06,346 [INFO] from play.api.db.HikariCPConnectionPool in application-akka.actor.default-dispatcher-8 - datasource [default] bound to JNDI as DefaultDS
2015-10-22 11:38:06,348 [INFO] from play.api.db.DefaultDBApi in application-akka.actor.default-dispatcher-8 - Database [default] connected at jdbc:postgresql://localhost:5432/linuxday2015
2015-10-22 11:38:06,512 [INFO] from application in application-akka.actor.default-dispatcher-8 - Global...on start
2015-10-22 11:38:06,513 [INFO] from play.api.Play in application-akka.actor.default-dispatcher-8 - Application started (Dev)
2015-10-22 11:38:06,997 [WARN] from org.hibernate.ejb.HibernatePersistence in application-akka.actor.default-dispatcher-5 - HHH015016: Encountered a deprecated javax.persistence.spi.PersistenceProvider [org.hibernate.ejb.HibernatePersistence]; use [org.hibernate.jpa.HibernatePersistenceProvider] instead.
2015-10-22 11:38:06,998 [WARN] from org.hibernate.ejb.HibernatePersistence in application-akka.actor.default-dispatcher-5 - HHH015016: Encountered a deprecated javax.persistence.spi.PersistenceProvider [org.hibernate.ejb.HibernatePersistence]; use [org.hibernate.jpa.HibernatePersistenceProvider] instead.
2015-10-22 11:38:06,998 [WARN] from org.hibernate.ejb.HibernatePersistence in application-akka.actor.default-dispatcher-5 - HHH015016: Encountered a deprecated javax.persistence.spi.PersistenceProvider [org.hibernate.ejb.HibernatePersistence]; use [org.hibernate.jpa.HibernatePersistenceProvider] instead.
2015-10-22 11:38:07,387 [ERROR] from org.hibernate.tool.hbm2ddl.SchemaExport in application-akka.actor.default-dispatcher-5 - HHH000389: Unsuccessful: drop sequence warnings_seq
2015-10-22 11:38:07,387 [ERROR] from org.hibernate.tool.hbm2ddl.SchemaExport in application-akka.actor.default-dispatcher-5 - ERROR: sequence "warnings_seq" does not exist
2015-10-22 11:42:48,318 [INFO] from application in application-akka.actor.default-dispatcher-7 - Shutting down connection pool.
2015-10-22 11:42:48,703 [INFO] from application in application-akka.actor.default-dispatcher-7 - Creating Pool for datasource 'default'
2015-10-22 11:42:48,715 [INFO] from play.api.db.HikariCPConnectionPool in application-akka.actor.default-dispatcher-7 - datasource [default] bound to JNDI as DefaultDS
2015-10-22 11:42:48,716 [INFO] from play.api.db.DefaultDBApi in application-akka.actor.default-dispatcher-7 - Database [default] connected at jdbc:postgresql://localhost:5432/linuxday2015
2015-10-22 11:42:48,826 [INFO] from application in application-akka.actor.default-dispatcher-7 - Global...on start
2015-10-22 11:42:48,827 [INFO] from play.api.Play in application-akka.actor.default-dispatcher-7 - Application started (Dev)
2015-10-22 11:42:49,204 [WARN] from org.hibernate.ejb.HibernatePersistence in application-akka.actor.default-dispatcher-3 - HHH015016: Encountered a deprecated javax.persistence.spi.PersistenceProvider [org.hibernate.ejb.HibernatePersistence]; use [org.hibernate.jpa.HibernatePersistenceProvider] instead.
2015-10-22 11:42:49,205 [WARN] from org.hibernate.ejb.HibernatePersistence in application-akka.actor.default-dispatcher-3 - HHH015016: Encountered a deprecated javax.persistence.spi.PersistenceProvider [org.hibernate.ejb.HibernatePersistence]; use [org.hibernate.jpa.HibernatePersistenceProvider] instead.
2015-10-22 11:42:49,205 [WARN] from org.hibernate.ejb.HibernatePersistence in application-akka.actor.default-dispatcher-3 - HHH015016: Encountered a deprecated javax.persistence.spi.PersistenceProvider [org.hibernate.ejb.HibernatePersistence]; use [org.hibernate.jpa.HibernatePersistenceProvider] instead.
2015-10-22 11:42:49,590 [ERROR] from org.hibernate.tool.hbm2ddl.SchemaExport in application-akka.actor.default-dispatcher-3 - HHH000389: Unsuccessful: drop sequence warnings_seq
2015-10-22 11:42:49,591 [ERROR] from org.hibernate.tool.hbm2ddl.SchemaExport in application-akka.actor.default-dispatcher-3 - ERROR: sequence "warnings_seq" does not exist
2015-10-22 11:43:36,708 [INFO] from application in application-akka.actor.default-dispatcher-2 - Shutting down connection pool.
2015-10-22 11:43:36,775 [INFO] from application in application-akka.actor.default-dispatcher-2 - Creating Pool for datasource 'default'
2015-10-22 11:43:36,791 [INFO] from play.api.db.HikariCPConnectionPool in application-akka.actor.default-dispatcher-2 - datasource [default] bound to JNDI as DefaultDS
2015-10-22 11:43:36,791 [INFO] from play.api.db.DefaultDBApi in application-akka.actor.default-dispatcher-2 - Database [default] connected at jdbc:postgresql://localhost:5432/linuxday2015
2015-10-22 11:43:36,858 [INFO] from application in application-akka.actor.default-dispatcher-2 - Global...on start
2015-10-22 11:43:36,864 [INFO] from play.api.Play in application-akka.actor.default-dispatcher-2 - Application started (Dev)
2015-10-22 11:43:37,210 [WARN] from org.hibernate.ejb.HibernatePersistence in application-akka.actor.default-dispatcher-5 - HHH015016: Encountered a deprecated javax.persistence.spi.PersistenceProvider [org.hibernate.ejb.HibernatePersistence]; use [org.hibernate.jpa.HibernatePersistenceProvider] instead.
2015-10-22 11:43:37,211 [WARN] from org.hibernate.ejb.HibernatePersistence in application-akka.actor.default-dispatcher-5 - HHH015016: Encountered a deprecated javax.persistence.spi.PersistenceProvider [org.hibernate.ejb.HibernatePersistence]; use [org.hibernate.jpa.HibernatePersistenceProvider] instead.
2015-10-22 11:43:37,211 [WARN] from org.hibernate.ejb.HibernatePersistence in application-akka.actor.default-dispatcher-5 - HHH015016: Encountered a deprecated javax.persistence.spi.PersistenceProvider [org.hibernate.ejb.HibernatePersistence]; use [org.hibernate.jpa.HibernatePersistenceProvider] instead.
2015-10-22 11:43:37,555 [ERROR] from org.hibernate.tool.hbm2ddl.SchemaExport in application-akka.actor.default-dispatcher-5 - HHH000389: Unsuccessful: drop sequence warnings_seq
2015-10-22 11:43:37,556 [ERROR] from org.hibernate.tool.hbm2ddl.SchemaExport in application-akka.actor.default-dispatcher-5 - ERROR: sequence "warnings_seq" does not exist
2015-10-22 11:46:53,486 [INFO] from application in application-akka.actor.default-dispatcher-10 - Shutting down connection pool.
2015-10-22 11:46:53,869 [INFO] from application in application-akka.actor.default-dispatcher-10 - Creating Pool for datasource 'default'
2015-10-22 11:46:53,882 [INFO] from play.api.db.HikariCPConnectionPool in application-akka.actor.default-dispatcher-10 - datasource [default] bound to JNDI as DefaultDS
2015-10-22 11:46:53,883 [INFO] from play.api.db.DefaultDBApi in application-akka.actor.default-dispatcher-10 - Database [default] connected at jdbc:postgresql://localhost:5432/linuxday2015
2015-10-22 11:46:53,950 [INFO] from application in application-akka.actor.default-dispatcher-10 - Global...on start
2015-10-22 11:46:53,951 [INFO] from play.api.Play in application-akka.actor.default-dispatcher-10 - Application started (Dev)
2015-10-22 11:46:54,293 [WARN] from org.hibernate.ejb.HibernatePersistence in application-akka.actor.default-dispatcher-4 - HHH015016: Encountered a deprecated javax.persistence.spi.PersistenceProvider [org.hibernate.ejb.HibernatePersistence]; use [org.hibernate.jpa.HibernatePersistenceProvider] instead.
2015-10-22 11:46:54,294 [WARN] from org.hibernate.ejb.HibernatePersistence in application-akka.actor.default-dispatcher-4 - HHH015016: Encountered a deprecated javax.persistence.spi.PersistenceProvider [org.hibernate.ejb.HibernatePersistence]; use [org.hibernate.jpa.HibernatePersistenceProvider] instead.
2015-10-22 11:46:54,294 [WARN] from org.hibernate.ejb.HibernatePersistence in application-akka.actor.default-dispatcher-4 - HHH015016: Encountered a deprecated javax.persistence.spi.PersistenceProvider [org.hibernate.ejb.HibernatePersistence]; use [org.hibernate.jpa.HibernatePersistenceProvider] instead.
2015-10-22 11:46:54,613 [ERROR] from org.hibernate.tool.hbm2ddl.SchemaExport in application-akka.actor.default-dispatcher-4 - HHH000389: Unsuccessful: drop sequence warnings_seq
2015-10-22 11:46:54,614 [ERROR] from org.hibernate.tool.hbm2ddl.SchemaExport in application-akka.actor.default-dispatcher-4 - ERROR: sequence "warnings_seq" does not exist
2015-10-22 11:47:24,302 [INFO] from application in application-akka.actor.default-dispatcher-7 - Shutting down connection pool.
2015-10-22 11:47:24,372 [INFO] from application in application-akka.actor.default-dispatcher-7 - Creating Pool for datasource 'default'
2015-10-22 11:47:24,379 [INFO] from play.api.db.HikariCPConnectionPool in application-akka.actor.default-dispatcher-7 - datasource [default] bound to JNDI as DefaultDS
2015-10-22 11:47:24,380 [INFO] from play.api.db.DefaultDBApi in application-akka.actor.default-dispatcher-7 - Database [default] connected at jdbc:postgresql://localhost:5432/linuxday2015
2015-10-22 11:47:24,483 [INFO] from application in application-akka.actor.default-dispatcher-7 - Global...on start
2015-10-22 11:47:24,483 [INFO] from play.api.Play in application-akka.actor.default-dispatcher-7 - Application started (Dev)
2015-10-22 11:47:24,854 [WARN] from org.hibernate.ejb.HibernatePersistence in application-akka.actor.default-dispatcher-4 - HHH015016: Encountered a deprecated javax.persistence.spi.PersistenceProvider [org.hibernate.ejb.HibernatePersistence]; use [org.hibernate.jpa.HibernatePersistenceProvider] instead.
2015-10-22 11:47:24,855 [WARN] from org.hibernate.ejb.HibernatePersistence in application-akka.actor.default-dispatcher-4 - HHH015016: Encountered a deprecated javax.persistence.spi.PersistenceProvider [org.hibernate.ejb.HibernatePersistence]; use [org.hibernate.jpa.HibernatePersistenceProvider] instead.
2015-10-22 11:47:24,855 [WARN] from org.hibernate.ejb.HibernatePersistence in application-akka.actor.default-dispatcher-4 - HHH015016: Encountered a deprecated javax.persistence.spi.PersistenceProvider [org.hibernate.ejb.HibernatePersistence]; use [org.hibernate.jpa.HibernatePersistenceProvider] instead.
2015-10-22 11:47:25,154 [ERROR] from org.hibernate.tool.hbm2ddl.SchemaExport in application-akka.actor.default-dispatcher-4 - HHH000389: Unsuccessful: drop sequence warnings_seq
2015-10-22 11:47:25,154 [ERROR] from org.hibernate.tool.hbm2ddl.SchemaExport in application-akka.actor.default-dispatcher-4 - ERROR: sequence "warnings_seq" does not exist
2015-10-22 11:50:24,653 [INFO] from application in application-akka.actor.default-dispatcher-11 - Shutting down connection pool.
2015-10-22 11:50:25,040 [INFO] from application in application-akka.actor.default-dispatcher-11 - Creating Pool for datasource 'default'
2015-10-22 11:50:25,048 [INFO] from play.api.db.HikariCPConnectionPool in application-akka.actor.default-dispatcher-11 - datasource [default] bound to JNDI as DefaultDS
2015-10-22 11:50:25,049 [INFO] from play.api.db.DefaultDBApi in application-akka.actor.default-dispatcher-11 - Database [default] connected at jdbc:postgresql://localhost:5432/linuxday2015
2015-10-22 11:50:25,113 [INFO] from application in application-akka.actor.default-dispatcher-11 - Global...on start
2015-10-22 11:50:25,113 [INFO] from play.api.Play in application-akka.actor.default-dispatcher-11 - Application started (Dev)
2015-10-22 11:50:25,645 [WARN] from org.hibernate.ejb.HibernatePersistence in application-akka.actor.default-dispatcher-8 - HHH015016: Encountered a deprecated javax.persistence.spi.PersistenceProvider [org.hibernate.ejb.HibernatePersistence]; use [org.hibernate.jpa.HibernatePersistenceProvider] instead.
2015-10-22 11:50:25,646 [WARN] from org.hibernate.ejb.HibernatePersistence in application-akka.actor.default-dispatcher-8 - HHH015016: Encountered a deprecated javax.persistence.spi.PersistenceProvider [org.hibernate.ejb.HibernatePersistence]; use [org.hibernate.jpa.HibernatePersistenceProvider] instead.
2015-10-22 11:50:25,646 [WARN] from org.hibernate.ejb.HibernatePersistence in application-akka.actor.default-dispatcher-8 - HHH015016: Encountered a deprecated javax.persistence.spi.PersistenceProvider [org.hibernate.ejb.HibernatePersistence]; use [org.hibernate.jpa.HibernatePersistenceProvider] instead.
2015-10-22 11:50:25,961 [ERROR] from org.hibernate.tool.hbm2ddl.SchemaExport in application-akka.actor.default-dispatcher-8 - HHH000389: Unsuccessful: drop sequence warnings_seq
2015-10-22 11:50:25,961 [ERROR] from org.hibernate.tool.hbm2ddl.SchemaExport in application-akka.actor.default-dispatcher-8 - ERROR: sequence "warnings_seq" does not exist
2015-10-22 11:59:23,743 [INFO] from application in application-akka.actor.default-dispatcher-7 - Shutting down connection pool.
2015-10-22 11:59:24,051 [INFO] from application in application-akka.actor.default-dispatcher-7 - Creating Pool for datasource 'default'
2015-10-22 11:59:24,062 [INFO] from play.api.db.HikariCPConnectionPool in application-akka.actor.default-dispatcher-7 - datasource [default] bound to JNDI as DefaultDS
2015-10-22 11:59:24,063 [INFO] from play.api.db.DefaultDBApi in application-akka.actor.default-dispatcher-7 - Database [default] connected at jdbc:postgresql://localhost:5432/linuxday2015
2015-10-22 11:59:24,136 [INFO] from application in application-akka.actor.default-dispatcher-7 - Global...on start
2015-10-22 11:59:24,137 [INFO] from play.api.Play in application-akka.actor.default-dispatcher-7 - Application started (Dev)
2015-10-22 11:59:24,659 [WARN] from org.hibernate.ejb.HibernatePersistence in application-akka.actor.default-dispatcher-5 - HHH015016: Encountered a deprecated javax.persistence.spi.PersistenceProvider [org.hibernate.ejb.HibernatePersistence]; use [org.hibernate.jpa.HibernatePersistenceProvider] instead.
2015-10-22 11:59:24,660 [WARN] from org.hibernate.ejb.HibernatePersistence in application-akka.actor.default-dispatcher-5 - HHH015016: Encountered a deprecated javax.persistence.spi.PersistenceProvider [org.hibernate.ejb.HibernatePersistence]; use [org.hibernate.jpa.HibernatePersistenceProvider] instead.
2015-10-22 11:59:24,660 [WARN] from org.hibernate.ejb.HibernatePersistence in application-akka.actor.default-dispatcher-5 - HHH015016: Encountered a deprecated javax.persistence.spi.PersistenceProvider [org.hibernate.ejb.HibernatePersistence]; use [org.hibernate.jpa.HibernatePersistenceProvider] instead.
2015-10-22 11:59:24,942 [ERROR] from org.hibernate.tool.hbm2ddl.SchemaExport in application-akka.actor.default-dispatcher-5 - HHH000389: Unsuccessful: drop sequence warnings_seq
2015-10-22 11:59:24,943 [ERROR] from org.hibernate.tool.hbm2ddl.SchemaExport in application-akka.actor.default-dispatcher-5 - ERROR: sequence "warnings_seq" does not exist
2015-10-22 11:59:37,229 [ERROR] from play.core.server.netty.PlayDefaultUpstreamHandler in application-akka.actor.default-dispatcher-4 - Cannot invoke the action
java.lang.NullPointerException: null
	at controllers.ApplicationController.save(ApplicationController.java:26) ~[classes/:2.4.3]
	at router.Routes$$anonfun$routes$1$$anonfun$applyOrElse$4$$anonfun$apply$4.apply(Routes.scala:149) ~[classes/:na]
	at router.Routes$$anonfun$routes$1$$anonfun$applyOrElse$4$$anonfun$apply$4.apply(Routes.scala:149) ~[classes/:na]
	at play.core.routing.HandlerInvokerFactory$$anon$4.resultCall(HandlerInvoker.scala:136) ~[play_2.11-2.4.3.jar:2.4.3]
	at play.core.routing.HandlerInvokerFactory$JavaActionInvokerFactory$$anon$14$$anon$3$$anon$1.invocation(HandlerInvoker.scala:127) ~[play_2.11-2.4.3.jar:2.4.3]
	at play.core.j.JavaAction$$anon$1.call(JavaAction.scala:70) ~[play_2.11-2.4.3.jar:2.4.3]
	at play.GlobalSettings$1.call(GlobalSettings.java:67) ~[play_2.11-2.4.3.jar:2.4.3]
	at play.db.jpa.TransactionalAction.lambda$call$5(TransactionalAction.java:19) ~[play-java-jpa_2.11-2.4.3.jar:2.4.3]
	at play.db.jpa.DefaultJPAApi.withTransaction(DefaultJPAApi.java:136) ~[play-java-jpa_2.11-2.4.3.jar:2.4.3]
	at play.db.jpa.JPA.withTransaction(JPA.java:159) ~[play-java-jpa_2.11-2.4.3.jar:2.4.3]
	at play.db.jpa.TransactionalAction.call(TransactionalAction.java:16) ~[play-java-jpa_2.11-2.4.3.jar:2.4.3]
	at play.core.j.JavaAction$$anonfun$7.apply(JavaAction.scala:94) ~[play_2.11-2.4.3.jar:2.4.3]
	at play.core.j.JavaAction$$anonfun$7.apply(JavaAction.scala:94) ~[play_2.11-2.4.3.jar:2.4.3]
	at scala.concurrent.impl.Future$PromiseCompletingRunnable.liftedTree1$1(Future.scala:24) ~[scala-library-2.11.6.jar:na]
	at scala.concurrent.impl.Future$PromiseCompletingRunnable.run(Future.scala:24) ~[scala-library-2.11.6.jar:na]
	at play.core.j.HttpExecutionContext$$anon$2.run(HttpExecutionContext.scala:40) ~[play_2.11-2.4.3.jar:2.4.3]
	at play.api.libs.iteratee.Execution$trampoline$.execute(Execution.scala:70) ~[play-iteratees_2.11-2.4.3.jar:2.4.3]
	at play.core.j.HttpExecutionContext.execute(HttpExecutionContext.scala:32) ~[play_2.11-2.4.3.jar:2.4.3]
	at scala.concurrent.impl.Future$.apply(Future.scala:31) ~[scala-library-2.11.6.jar:na]
	at scala.concurrent.Future$.apply(Future.scala:492) ~[scala-library-2.11.6.jar:na]
	at play.core.j.JavaAction.apply(JavaAction.scala:94) ~[play_2.11-2.4.3.jar:2.4.3]
	at play.api.mvc.Action$$anonfun$apply$1$$anonfun$apply$4$$anonfun$apply$5.apply(Action.scala:105) ~[play_2.11-2.4.3.jar:2.4.3]
	at play.api.mvc.Action$$anonfun$apply$1$$anonfun$apply$4$$anonfun$apply$5.apply(Action.scala:105) ~[play_2.11-2.4.3.jar:2.4.3]
	at play.utils.Threads$.withContextClassLoader(Threads.scala:21) ~[play_2.11-2.4.3.jar:2.4.3]
	at play.api.mvc.Action$$anonfun$apply$1$$anonfun$apply$4.apply(Action.scala:104) ~[play_2.11-2.4.3.jar:2.4.3]
	at play.api.mvc.Action$$anonfun$apply$1$$anonfun$apply$4.apply(Action.scala:103) ~[play_2.11-2.4.3.jar:2.4.3]
	at scala.Option.map(Option.scala:146) ~[scala-library-2.11.6.jar:na]
	at play.api.mvc.Action$$anonfun$apply$1.apply(Action.scala:103) ~[play_2.11-2.4.3.jar:2.4.3]
	at play.api.mvc.Action$$anonfun$apply$1.apply(Action.scala:96) ~[play_2.11-2.4.3.jar:2.4.3]
	at play.api.libs.iteratee.Iteratee$$anonfun$mapM$1.apply(Iteratee.scala:524) ~[play-iteratees_2.11-2.4.3.jar:2.4.3]
	at play.api.libs.iteratee.Iteratee$$anonfun$mapM$1.apply(Iteratee.scala:524) ~[play-iteratees_2.11-2.4.3.jar:2.4.3]
	at play.api.libs.iteratee.Iteratee$$anonfun$flatMapM$1.apply(Iteratee.scala:560) ~[play-iteratees_2.11-2.4.3.jar:2.4.3]
	at play.api.libs.iteratee.Iteratee$$anonfun$flatMapM$1.apply(Iteratee.scala:560) ~[play-iteratees_2.11-2.4.3.jar:2.4.3]
	at play.api.libs.iteratee.Iteratee$$anonfun$flatMap$1$$anonfun$apply$14.apply(Iteratee.scala:537) ~[play-iteratees_2.11-2.4.3.jar:2.4.3]
	at play.api.libs.iteratee.Iteratee$$anonfun$flatMap$1$$anonfun$apply$14.apply(Iteratee.scala:537) ~[play-iteratees_2.11-2.4.3.jar:2.4.3]
	at scala.concurrent.impl.Future$PromiseCompletingRunnable.liftedTree1$1(Future.scala:24) ~[scala-library-2.11.6.jar:na]
	at scala.concurrent.impl.Future$PromiseCompletingRunnable.run(Future.scala:24) ~[scala-library-2.11.6.jar:na]
	at akka.dispatch.TaskInvocation.run(AbstractDispatcher.scala:40) [akka-actor_2.11-2.3.13.jar:na]
	at akka.dispatch.ForkJoinExecutorConfigurator$AkkaForkJoinTask.exec(AbstractDispatcher.scala:397) [akka-actor_2.11-2.3.13.jar:na]
	at scala.concurrent.forkjoin.ForkJoinTask.doExec(ForkJoinTask.java:260) [scala-library-2.11.6.jar:na]
	at scala.concurrent.forkjoin.ForkJoinPool$WorkQueue.runTask(ForkJoinPool.java:1339) [scala-library-2.11.6.jar:na]
	at scala.concurrent.forkjoin.ForkJoinPool.runWorker(ForkJoinPool.java:1979) [scala-library-2.11.6.jar:na]
	at scala.concurrent.forkjoin.ForkJoinWorkerThread.run(ForkJoinWorkerThread.java:107) [scala-library-2.11.6.jar:na]
2015-10-22 11:59:37,249 [ERROR] from application in application-akka.actor.default-dispatcher-4 - 

! @6np7h7039 - Internal server error, for (POST) [/save] ->
 
play.api.http.HttpErrorHandlerExceptions$$anon$1: Execution exception[[NullPointerException: null]]
	at play.api.http.HttpErrorHandlerExceptions$.throwableToUsefulException(HttpErrorHandler.scala:265) ~[play_2.11-2.4.3.jar:2.4.3]
	at play.api.http.DefaultHttpErrorHandler.onServerError(HttpErrorHandler.scala:191) ~[play_2.11-2.4.3.jar:2.4.3]
	at play.api.GlobalSettings$class.onError(GlobalSettings.scala:179) [play_2.11-2.4.3.jar:2.4.3]
	at play.core.j.JavaGlobalSettingsAdapter.play$core$j$JavaGlobalSettingsAdapter$$super$onError(JavaGlobalSettingsAdapter.scala:36) [play_2.11-2.4.3.jar:2.4.3]
	at play.core.j.JavaGlobalSettingsAdapter$$anonfun$onError$2.apply(JavaGlobalSettingsAdapter.scala:36) [play_2.11-2.4.3.jar:2.4.3]
	at play.core.j.JavaGlobalSettingsAdapter$$anonfun$onError$2.apply(JavaGlobalSettingsAdapter.scala:36) [play_2.11-2.4.3.jar:2.4.3]
	at scala.Option.getOrElse(Option.scala:121) [scala-library-2.11.6.jar:na]
	at play.core.j.JavaGlobalSettingsAdapter.onError(JavaGlobalSettingsAdapter.scala:36) [play_2.11-2.4.3.jar:2.4.3]
	at play.api.http.GlobalSettingsHttpErrorHandler.onServerError(HttpErrorHandler.scala:94) [play_2.11-2.4.3.jar:2.4.3]
	at play.core.server.netty.PlayDefaultUpstreamHandler$$anonfun$3.applyOrElse(PlayDefaultUpstreamHandler.scala:273) [play-netty-server_2.11-2.4.3.jar:2.4.3]
	at play.core.server.netty.PlayDefaultUpstreamHandler$$anonfun$3.applyOrElse(PlayDefaultUpstreamHandler.scala:269) [play-netty-server_2.11-2.4.3.jar:2.4.3]
	at scala.concurrent.Future$$anonfun$recoverWith$1.apply(Future.scala:344) [scala-library-2.11.6.jar:na]
	at scala.concurrent.Future$$anonfun$recoverWith$1.apply(Future.scala:343) [scala-library-2.11.6.jar:na]
	at scala.concurrent.impl.CallbackRunnable.run(Promise.scala:32) [scala-library-2.11.6.jar:na]
	at play.api.libs.iteratee.Execution$trampoline$.executeScheduled(Execution.scala:109) [play-iteratees_2.11-2.4.3.jar:2.4.3]
	at play.api.libs.iteratee.Execution$trampoline$.execute(Execution.scala:71) [play-iteratees_2.11-2.4.3.jar:2.4.3]
	at scala.concurrent.impl.CallbackRunnable.executeWithValue(Promise.scala:40) [scala-library-2.11.6.jar:na]
	at scala.concurrent.impl.Promise$DefaultPromise.tryComplete(Promise.scala:248) [scala-library-2.11.6.jar:na]
	at scala.concurrent.Promise$class.complete(Promise.scala:55) [scala-library-2.11.6.jar:na]
	at scala.concurrent.impl.Promise$DefaultPromise.complete(Promise.scala:153) [scala-library-2.11.6.jar:na]
	at scala.concurrent.impl.Future$PromiseCompletingRunnable.run(Future.scala:23) [scala-library-2.11.6.jar:na]
	at akka.dispatch.TaskInvocation.run(AbstractDispatcher.scala:40) [akka-actor_2.11-2.3.13.jar:na]
	at akka.dispatch.ForkJoinExecutorConfigurator$AkkaForkJoinTask.exec(AbstractDispatcher.scala:397) [akka-actor_2.11-2.3.13.jar:na]
	at scala.concurrent.forkjoin.ForkJoinTask.doExec(ForkJoinTask.java:260) [scala-library-2.11.6.jar:na]
	at scala.concurrent.forkjoin.ForkJoinPool$WorkQueue.runTask(ForkJoinPool.java:1339) [scala-library-2.11.6.jar:na]
	at scala.concurrent.forkjoin.ForkJoinPool.runWorker(ForkJoinPool.java:1979) [scala-library-2.11.6.jar:na]
	at scala.concurrent.forkjoin.ForkJoinWorkerThread.run(ForkJoinWorkerThread.java:107) [scala-library-2.11.6.jar:na]
Caused by: java.lang.NullPointerException: null
	at controllers.ApplicationController.save(ApplicationController.java:26) ~[classes/:2.4.3]
	at router.Routes$$anonfun$routes$1$$anonfun$applyOrElse$4$$anonfun$apply$4.apply(Routes.scala:149) ~[classes/:na]
	at router.Routes$$anonfun$routes$1$$anonfun$applyOrElse$4$$anonfun$apply$4.apply(Routes.scala:149) ~[classes/:na]
	at play.core.routing.HandlerInvokerFactory$$anon$4.resultCall(HandlerInvoker.scala:136) ~[play_2.11-2.4.3.jar:2.4.3]
	at play.core.routing.HandlerInvokerFactory$JavaActionInvokerFactory$$anon$14$$anon$3$$anon$1.invocation(HandlerInvoker.scala:127) ~[play_2.11-2.4.3.jar:2.4.3]
	at play.core.j.JavaAction$$anon$1.call(JavaAction.scala:70) ~[play_2.11-2.4.3.jar:2.4.3]
	at play.GlobalSettings$1.call(GlobalSettings.java:67) ~[play_2.11-2.4.3.jar:2.4.3]
	at play.db.jpa.TransactionalAction.lambda$call$5(TransactionalAction.java:19) ~[play-java-jpa_2.11-2.4.3.jar:2.4.3]
	at play.db.jpa.DefaultJPAApi.withTransaction(DefaultJPAApi.java:136) ~[play-java-jpa_2.11-2.4.3.jar:2.4.3]
	at play.db.jpa.JPA.withTransaction(JPA.java:159) ~[play-java-jpa_2.11-2.4.3.jar:2.4.3]
	at play.db.jpa.TransactionalAction.call(TransactionalAction.java:16) ~[play-java-jpa_2.11-2.4.3.jar:2.4.3]
	at play.core.j.JavaAction$$anonfun$7.apply(JavaAction.scala:94) ~[play_2.11-2.4.3.jar:2.4.3]
	at play.core.j.JavaAction$$anonfun$7.apply(JavaAction.scala:94) ~[play_2.11-2.4.3.jar:2.4.3]
	at scala.concurrent.impl.Future$PromiseCompletingRunnable.liftedTree1$1(Future.scala:24) [scala-library-2.11.6.jar:na]
	at scala.concurrent.impl.Future$PromiseCompletingRunnable.run(Future.scala:24) [scala-library-2.11.6.jar:na]
	at play.core.j.HttpExecutionContext$$anon$2.run(HttpExecutionContext.scala:40) ~[play_2.11-2.4.3.jar:2.4.3]
	at play.api.libs.iteratee.Execution$trampoline$.execute(Execution.scala:70) [play-iteratees_2.11-2.4.3.jar:2.4.3]
	at play.core.j.HttpExecutionContext.execute(HttpExecutionContext.scala:32) ~[play_2.11-2.4.3.jar:2.4.3]
	at scala.concurrent.impl.Future$.apply(Future.scala:31) ~[scala-library-2.11.6.jar:na]
	at scala.concurrent.Future$.apply(Future.scala:492) ~[scala-library-2.11.6.jar:na]
	at play.core.j.JavaAction.apply(JavaAction.scala:94) ~[play_2.11-2.4.3.jar:2.4.3]
	at play.api.mvc.Action$$anonfun$apply$1$$anonfun$apply$4$$anonfun$apply$5.apply(Action.scala:105) ~[play_2.11-2.4.3.jar:2.4.3]
	at play.api.mvc.Action$$anonfun$apply$1$$anonfun$apply$4$$anonfun$apply$5.apply(Action.scala:105) ~[play_2.11-2.4.3.jar:2.4.3]
	at play.utils.Threads$.withContextClassLoader(Threads.scala:21) ~[play_2.11-2.4.3.jar:2.4.3]
	at play.api.mvc.Action$$anonfun$apply$1$$anonfun$apply$4.apply(Action.scala:104) ~[play_2.11-2.4.3.jar:2.4.3]
	at play.api.mvc.Action$$anonfun$apply$1$$anonfun$apply$4.apply(Action.scala:103) ~[play_2.11-2.4.3.jar:2.4.3]
	at scala.Option.map(Option.scala:146) [scala-library-2.11.6.jar:na]
	at play.api.mvc.Action$$anonfun$apply$1.apply(Action.scala:103) ~[play_2.11-2.4.3.jar:2.4.3]
	at play.api.mvc.Action$$anonfun$apply$1.apply(Action.scala:96) ~[play_2.11-2.4.3.jar:2.4.3]
	at play.api.libs.iteratee.Iteratee$$anonfun$mapM$1.apply(Iteratee.scala:524) ~[play-iteratees_2.11-2.4.3.jar:2.4.3]
	at play.api.libs.iteratee.Iteratee$$anonfun$mapM$1.apply(Iteratee.scala:524) ~[play-iteratees_2.11-2.4.3.jar:2.4.3]
	at play.api.libs.iteratee.Iteratee$$anonfun$flatMapM$1.apply(Iteratee.scala:560) ~[play-iteratees_2.11-2.4.3.jar:2.4.3]
	at play.api.libs.iteratee.Iteratee$$anonfun$flatMapM$1.apply(Iteratee.scala:560) ~[play-iteratees_2.11-2.4.3.jar:2.4.3]
	at play.api.libs.iteratee.Iteratee$$anonfun$flatMap$1$$anonfun$apply$14.apply(Iteratee.scala:537) ~[play-iteratees_2.11-2.4.3.jar:2.4.3]
	at play.api.libs.iteratee.Iteratee$$anonfun$flatMap$1$$anonfun$apply$14.apply(Iteratee.scala:537) ~[play-iteratees_2.11-2.4.3.jar:2.4.3]
	at scala.concurrent.impl.Future$PromiseCompletingRunnable.liftedTree1$1(Future.scala:24) [scala-library-2.11.6.jar:na]
	at scala.concurrent.impl.Future$PromiseCompletingRunnable.run(Future.scala:24) [scala-library-2.11.6.jar:na]
	... 6 common frames omitted
2015-10-22 12:07:13,872 [INFO] from application in application-akka.actor.default-dispatcher-3 - Shutting down connection pool.
2015-10-22 12:07:14,214 [INFO] from application in application-akka.actor.default-dispatcher-3 - Creating Pool for datasource 'default'
2015-10-22 12:07:14,225 [INFO] from play.api.db.HikariCPConnectionPool in application-akka.actor.default-dispatcher-3 - datasource [default] bound to JNDI as DefaultDS
2015-10-22 12:07:14,225 [INFO] from play.api.db.DefaultDBApi in application-akka.actor.default-dispatcher-3 - Database [default] connected at jdbc:postgresql://localhost:5432/linuxday2015
2015-10-22 12:07:14,292 [INFO] from application in application-akka.actor.default-dispatcher-3 - Global...on start
2015-10-22 12:07:14,292 [INFO] from play.api.Play in application-akka.actor.default-dispatcher-3 - Application started (Dev)
2015-10-22 12:07:14,840 [WARN] from org.hibernate.ejb.HibernatePersistence in application-akka.actor.default-dispatcher-2 - HHH015016: Encountered a deprecated javax.persistence.spi.PersistenceProvider [org.hibernate.ejb.HibernatePersistence]; use [org.hibernate.jpa.HibernatePersistenceProvider] instead.
2015-10-22 12:07:14,841 [WARN] from org.hibernate.ejb.HibernatePersistence in application-akka.actor.default-dispatcher-2 - HHH015016: Encountered a deprecated javax.persistence.spi.PersistenceProvider [org.hibernate.ejb.HibernatePersistence]; use [org.hibernate.jpa.HibernatePersistenceProvider] instead.
2015-10-22 12:07:14,841 [WARN] from org.hibernate.ejb.HibernatePersistence in application-akka.actor.default-dispatcher-2 - HHH015016: Encountered a deprecated javax.persistence.spi.PersistenceProvider [org.hibernate.ejb.HibernatePersistence]; use [org.hibernate.jpa.HibernatePersistenceProvider] instead.
2015-10-22 12:07:15,114 [ERROR] from org.hibernate.tool.hbm2ddl.SchemaExport in application-akka.actor.default-dispatcher-2 - HHH000389: Unsuccessful: drop sequence warnings_seq
2015-10-22 12:07:15,115 [ERROR] from org.hibernate.tool.hbm2ddl.SchemaExport in application-akka.actor.default-dispatcher-2 - ERROR: sequence "warnings_seq" does not exist
2015-10-22 12:07:21,505 [ERROR] from play.core.server.netty.PlayDefaultUpstreamHandler in application-akka.actor.default-dispatcher-6 - Cannot invoke the action
java.lang.NullPointerException: null
	at controllers.ApplicationController.save(ApplicationController.java:26) ~[classes/:2.4.3]
	at router.Routes$$anonfun$routes$1$$anonfun$applyOrElse$4$$anonfun$apply$4.apply(Routes.scala:149) ~[classes/:na]
	at router.Routes$$anonfun$routes$1$$anonfun$applyOrElse$4$$anonfun$apply$4.apply(Routes.scala:149) ~[classes/:na]
	at play.core.routing.HandlerInvokerFactory$$anon$4.resultCall(HandlerInvoker.scala:136) ~[play_2.11-2.4.3.jar:2.4.3]
	at play.core.routing.HandlerInvokerFactory$JavaActionInvokerFactory$$anon$14$$anon$3$$anon$1.invocation(HandlerInvoker.scala:127) ~[play_2.11-2.4.3.jar:2.4.3]
	at play.core.j.JavaAction$$anon$1.call(JavaAction.scala:70) ~[play_2.11-2.4.3.jar:2.4.3]
	at play.GlobalSettings$1.call(GlobalSettings.java:67) ~[play_2.11-2.4.3.jar:2.4.3]
	at play.db.jpa.TransactionalAction.lambda$call$5(TransactionalAction.java:19) ~[play-java-jpa_2.11-2.4.3.jar:2.4.3]
	at play.db.jpa.DefaultJPAApi.withTransaction(DefaultJPAApi.java:136) ~[play-java-jpa_2.11-2.4.3.jar:2.4.3]
	at play.db.jpa.JPA.withTransaction(JPA.java:159) ~[play-java-jpa_2.11-2.4.3.jar:2.4.3]
	at play.db.jpa.TransactionalAction.call(TransactionalAction.java:16) ~[play-java-jpa_2.11-2.4.3.jar:2.4.3]
	at play.core.j.JavaAction$$anonfun$7.apply(JavaAction.scala:94) ~[play_2.11-2.4.3.jar:2.4.3]
	at play.core.j.JavaAction$$anonfun$7.apply(JavaAction.scala:94) ~[play_2.11-2.4.3.jar:2.4.3]
	at scala.concurrent.impl.Future$PromiseCompletingRunnable.liftedTree1$1(Future.scala:24) ~[scala-library-2.11.6.jar:na]
	at scala.concurrent.impl.Future$PromiseCompletingRunnable.run(Future.scala:24) ~[scala-library-2.11.6.jar:na]
	at play.core.j.HttpExecutionContext$$anon$2.run(HttpExecutionContext.scala:40) ~[play_2.11-2.4.3.jar:2.4.3]
	at play.api.libs.iteratee.Execution$trampoline$.execute(Execution.scala:70) ~[play-iteratees_2.11-2.4.3.jar:2.4.3]
	at play.core.j.HttpExecutionContext.execute(HttpExecutionContext.scala:32) ~[play_2.11-2.4.3.jar:2.4.3]
	at scala.concurrent.impl.Future$.apply(Future.scala:31) ~[scala-library-2.11.6.jar:na]
	at scala.concurrent.Future$.apply(Future.scala:492) ~[scala-library-2.11.6.jar:na]
	at play.core.j.JavaAction.apply(JavaAction.scala:94) ~[play_2.11-2.4.3.jar:2.4.3]
	at play.api.mvc.Action$$anonfun$apply$1$$anonfun$apply$4$$anonfun$apply$5.apply(Action.scala:105) ~[play_2.11-2.4.3.jar:2.4.3]
	at play.api.mvc.Action$$anonfun$apply$1$$anonfun$apply$4$$anonfun$apply$5.apply(Action.scala:105) ~[play_2.11-2.4.3.jar:2.4.3]
	at play.utils.Threads$.withContextClassLoader(Threads.scala:21) ~[play_2.11-2.4.3.jar:2.4.3]
	at play.api.mvc.Action$$anonfun$apply$1$$anonfun$apply$4.apply(Action.scala:104) ~[play_2.11-2.4.3.jar:2.4.3]
	at play.api.mvc.Action$$anonfun$apply$1$$anonfun$apply$4.apply(Action.scala:103) ~[play_2.11-2.4.3.jar:2.4.3]
	at scala.Option.map(Option.scala:146) ~[scala-library-2.11.6.jar:na]
	at play.api.mvc.Action$$anonfun$apply$1.apply(Action.scala:103) ~[play_2.11-2.4.3.jar:2.4.3]
	at play.api.mvc.Action$$anonfun$apply$1.apply(Action.scala:96) ~[play_2.11-2.4.3.jar:2.4.3]
	at play.api.libs.iteratee.Iteratee$$anonfun$mapM$1.apply(Iteratee.scala:524) ~[play-iteratees_2.11-2.4.3.jar:2.4.3]
	at play.api.libs.iteratee.Iteratee$$anonfun$mapM$1.apply(Iteratee.scala:524) ~[play-iteratees_2.11-2.4.3.jar:2.4.3]
	at play.api.libs.iteratee.Iteratee$$anonfun$flatMapM$1.apply(Iteratee.scala:560) ~[play-iteratees_2.11-2.4.3.jar:2.4.3]
	at play.api.libs.iteratee.Iteratee$$anonfun$flatMapM$1.apply(Iteratee.scala:560) ~[play-iteratees_2.11-2.4.3.jar:2.4.3]
	at play.api.libs.iteratee.Iteratee$$anonfun$flatMap$1$$anonfun$apply$14.apply(Iteratee.scala:537) ~[play-iteratees_2.11-2.4.3.jar:2.4.3]
	at play.api.libs.iteratee.Iteratee$$anonfun$flatMap$1$$anonfun$apply$14.apply(Iteratee.scala:537) ~[play-iteratees_2.11-2.4.3.jar:2.4.3]
	at scala.concurrent.impl.Future$PromiseCompletingRunnable.liftedTree1$1(Future.scala:24) ~[scala-library-2.11.6.jar:na]
	at scala.concurrent.impl.Future$PromiseCompletingRunnable.run(Future.scala:24) ~[scala-library-2.11.6.jar:na]
	at akka.dispatch.TaskInvocation.run(AbstractDispatcher.scala:40) [akka-actor_2.11-2.3.13.jar:na]
	at akka.dispatch.ForkJoinExecutorConfigurator$AkkaForkJoinTask.exec(AbstractDispatcher.scala:397) [akka-actor_2.11-2.3.13.jar:na]
	at scala.concurrent.forkjoin.ForkJoinTask.doExec(ForkJoinTask.java:260) [scala-library-2.11.6.jar:na]
	at scala.concurrent.forkjoin.ForkJoinPool$WorkQueue.runTask(ForkJoinPool.java:1339) [scala-library-2.11.6.jar:na]
	at scala.concurrent.forkjoin.ForkJoinPool.runWorker(ForkJoinPool.java:1979) [scala-library-2.11.6.jar:na]
	at scala.concurrent.forkjoin.ForkJoinWorkerThread.run(ForkJoinWorkerThread.java:107) [scala-library-2.11.6.jar:na]
2015-10-22 12:07:21,514 [ERROR] from application in application-akka.actor.default-dispatcher-6 - 

! @6np7i7anj - Internal server error, for (POST) [/save] ->
 
play.api.http.HttpErrorHandlerExceptions$$anon$1: Execution exception[[NullPointerException: null]]
	at play.api.http.HttpErrorHandlerExceptions$.throwableToUsefulException(HttpErrorHandler.scala:265) ~[play_2.11-2.4.3.jar:2.4.3]
	at play.api.http.DefaultHttpErrorHandler.onServerError(HttpErrorHandler.scala:191) ~[play_2.11-2.4.3.jar:2.4.3]
	at play.api.GlobalSettings$class.onError(GlobalSettings.scala:179) [play_2.11-2.4.3.jar:2.4.3]
	at play.core.j.JavaGlobalSettingsAdapter.play$core$j$JavaGlobalSettingsAdapter$$super$onError(JavaGlobalSettingsAdapter.scala:36) [play_2.11-2.4.3.jar:2.4.3]
	at play.core.j.JavaGlobalSettingsAdapter$$anonfun$onError$2.apply(JavaGlobalSettingsAdapter.scala:36) [play_2.11-2.4.3.jar:2.4.3]
	at play.core.j.JavaGlobalSettingsAdapter$$anonfun$onError$2.apply(JavaGlobalSettingsAdapter.scala:36) [play_2.11-2.4.3.jar:2.4.3]
	at scala.Option.getOrElse(Option.scala:121) [scala-library-2.11.6.jar:na]
	at play.core.j.JavaGlobalSettingsAdapter.onError(JavaGlobalSettingsAdapter.scala:36) [play_2.11-2.4.3.jar:2.4.3]
	at play.api.http.GlobalSettingsHttpErrorHandler.onServerError(HttpErrorHandler.scala:94) [play_2.11-2.4.3.jar:2.4.3]
	at play.core.server.netty.PlayDefaultUpstreamHandler$$anonfun$3.applyOrElse(PlayDefaultUpstreamHandler.scala:273) [play-netty-server_2.11-2.4.3.jar:2.4.3]
	at play.core.server.netty.PlayDefaultUpstreamHandler$$anonfun$3.applyOrElse(PlayDefaultUpstreamHandler.scala:269) [play-netty-server_2.11-2.4.3.jar:2.4.3]
	at scala.concurrent.Future$$anonfun$recoverWith$1.apply(Future.scala:344) [scala-library-2.11.6.jar:na]
	at scala.concurrent.Future$$anonfun$recoverWith$1.apply(Future.scala:343) [scala-library-2.11.6.jar:na]
	at scala.concurrent.impl.CallbackRunnable.run(Promise.scala:32) [scala-library-2.11.6.jar:na]
	at play.api.libs.iteratee.Execution$trampoline$.executeScheduled(Execution.scala:109) [play-iteratees_2.11-2.4.3.jar:2.4.3]
	at play.api.libs.iteratee.Execution$trampoline$.execute(Execution.scala:71) [play-iteratees_2.11-2.4.3.jar:2.4.3]
	at scala.concurrent.impl.CallbackRunnable.executeWithValue(Promise.scala:40) [scala-library-2.11.6.jar:na]
	at scala.concurrent.impl.Promise$DefaultPromise.tryComplete(Promise.scala:248) [scala-library-2.11.6.jar:na]
	at scala.concurrent.Promise$class.complete(Promise.scala:55) [scala-library-2.11.6.jar:na]
	at scala.concurrent.impl.Promise$DefaultPromise.complete(Promise.scala:153) [scala-library-2.11.6.jar:na]
	at scala.concurrent.impl.Future$PromiseCompletingRunnable.run(Future.scala:23) [scala-library-2.11.6.jar:na]
	at akka.dispatch.TaskInvocation.run(AbstractDispatcher.scala:40) [akka-actor_2.11-2.3.13.jar:na]
	at akka.dispatch.ForkJoinExecutorConfigurator$AkkaForkJoinTask.exec(AbstractDispatcher.scala:397) [akka-actor_2.11-2.3.13.jar:na]
	at scala.concurrent.forkjoin.ForkJoinTask.doExec(ForkJoinTask.java:260) [scala-library-2.11.6.jar:na]
	at scala.concurrent.forkjoin.ForkJoinPool$WorkQueue.runTask(ForkJoinPool.java:1339) [scala-library-2.11.6.jar:na]
	at scala.concurrent.forkjoin.ForkJoinPool.runWorker(ForkJoinPool.java:1979) [scala-library-2.11.6.jar:na]
	at scala.concurrent.forkjoin.ForkJoinWorkerThread.run(ForkJoinWorkerThread.java:107) [scala-library-2.11.6.jar:na]
Caused by: java.lang.NullPointerException: null
	at controllers.ApplicationController.save(ApplicationController.java:26) ~[classes/:2.4.3]
	at router.Routes$$anonfun$routes$1$$anonfun$applyOrElse$4$$anonfun$apply$4.apply(Routes.scala:149) ~[classes/:na]
	at router.Routes$$anonfun$routes$1$$anonfun$applyOrElse$4$$anonfun$apply$4.apply(Routes.scala:149) ~[classes/:na]
	at play.core.routing.HandlerInvokerFactory$$anon$4.resultCall(HandlerInvoker.scala:136) ~[play_2.11-2.4.3.jar:2.4.3]
	at play.core.routing.HandlerInvokerFactory$JavaActionInvokerFactory$$anon$14$$anon$3$$anon$1.invocation(HandlerInvoker.scala:127) ~[play_2.11-2.4.3.jar:2.4.3]
	at play.core.j.JavaAction$$anon$1.call(JavaAction.scala:70) ~[play_2.11-2.4.3.jar:2.4.3]
	at play.GlobalSettings$1.call(GlobalSettings.java:67) ~[play_2.11-2.4.3.jar:2.4.3]
	at play.db.jpa.TransactionalAction.lambda$call$5(TransactionalAction.java:19) ~[play-java-jpa_2.11-2.4.3.jar:2.4.3]
	at play.db.jpa.DefaultJPAApi.withTransaction(DefaultJPAApi.java:136) ~[play-java-jpa_2.11-2.4.3.jar:2.4.3]
	at play.db.jpa.JPA.withTransaction(JPA.java:159) ~[play-java-jpa_2.11-2.4.3.jar:2.4.3]
	at play.db.jpa.TransactionalAction.call(TransactionalAction.java:16) ~[play-java-jpa_2.11-2.4.3.jar:2.4.3]
	at play.core.j.JavaAction$$anonfun$7.apply(JavaAction.scala:94) ~[play_2.11-2.4.3.jar:2.4.3]
	at play.core.j.JavaAction$$anonfun$7.apply(JavaAction.scala:94) ~[play_2.11-2.4.3.jar:2.4.3]
	at scala.concurrent.impl.Future$PromiseCompletingRunnable.liftedTree1$1(Future.scala:24) [scala-library-2.11.6.jar:na]
	at scala.concurrent.impl.Future$PromiseCompletingRunnable.run(Future.scala:24) [scala-library-2.11.6.jar:na]
	at play.core.j.HttpExecutionContext$$anon$2.run(HttpExecutionContext.scala:40) ~[play_2.11-2.4.3.jar:2.4.3]
	at play.api.libs.iteratee.Execution$trampoline$.execute(Execution.scala:70) [play-iteratees_2.11-2.4.3.jar:2.4.3]
	at play.core.j.HttpExecutionContext.execute(HttpExecutionContext.scala:32) ~[play_2.11-2.4.3.jar:2.4.3]
	at scala.concurrent.impl.Future$.apply(Future.scala:31) ~[scala-library-2.11.6.jar:na]
	at scala.concurrent.Future$.apply(Future.scala:492) ~[scala-library-2.11.6.jar:na]
	at play.core.j.JavaAction.apply(JavaAction.scala:94) ~[play_2.11-2.4.3.jar:2.4.3]
	at play.api.mvc.Action$$anonfun$apply$1$$anonfun$apply$4$$anonfun$apply$5.apply(Action.scala:105) ~[play_2.11-2.4.3.jar:2.4.3]
	at play.api.mvc.Action$$anonfun$apply$1$$anonfun$apply$4$$anonfun$apply$5.apply(Action.scala:105) ~[play_2.11-2.4.3.jar:2.4.3]
	at play.utils.Threads$.withContextClassLoader(Threads.scala:21) ~[play_2.11-2.4.3.jar:2.4.3]
	at play.api.mvc.Action$$anonfun$apply$1$$anonfun$apply$4.apply(Action.scala:104) ~[play_2.11-2.4.3.jar:2.4.3]
	at play.api.mvc.Action$$anonfun$apply$1$$anonfun$apply$4.apply(Action.scala:103) ~[play_2.11-2.4.3.jar:2.4.3]
	at scala.Option.map(Option.scala:146) [scala-library-2.11.6.jar:na]
	at play.api.mvc.Action$$anonfun$apply$1.apply(Action.scala:103) ~[play_2.11-2.4.3.jar:2.4.3]
	at play.api.mvc.Action$$anonfun$apply$1.apply(Action.scala:96) ~[play_2.11-2.4.3.jar:2.4.3]
	at play.api.libs.iteratee.Iteratee$$anonfun$mapM$1.apply(Iteratee.scala:524) ~[play-iteratees_2.11-2.4.3.jar:2.4.3]
	at play.api.libs.iteratee.Iteratee$$anonfun$mapM$1.apply(Iteratee.scala:524) ~[play-iteratees_2.11-2.4.3.jar:2.4.3]
	at play.api.libs.iteratee.Iteratee$$anonfun$flatMapM$1.apply(Iteratee.scala:560) ~[play-iteratees_2.11-2.4.3.jar:2.4.3]
	at play.api.libs.iteratee.Iteratee$$anonfun$flatMapM$1.apply(Iteratee.scala:560) ~[play-iteratees_2.11-2.4.3.jar:2.4.3]
	at play.api.libs.iteratee.Iteratee$$anonfun$flatMap$1$$anonfun$apply$14.apply(Iteratee.scala:537) ~[play-iteratees_2.11-2.4.3.jar:2.4.3]
	at play.api.libs.iteratee.Iteratee$$anonfun$flatMap$1$$anonfun$apply$14.apply(Iteratee.scala:537) ~[play-iteratees_2.11-2.4.3.jar:2.4.3]
	at scala.concurrent.impl.Future$PromiseCompletingRunnable.liftedTree1$1(Future.scala:24) [scala-library-2.11.6.jar:na]
	at scala.concurrent.impl.Future$PromiseCompletingRunnable.run(Future.scala:24) [scala-library-2.11.6.jar:na]
	... 6 common frames omitted
2015-10-22 12:07:42,509 [INFO] from application in application-akka.actor.default-dispatcher-8 - Shutting down connection pool.
2015-10-22 12:07:42,573 [INFO] from application in application-akka.actor.default-dispatcher-8 - Creating Pool for datasource 'default'
2015-10-22 12:07:42,582 [INFO] from play.api.db.HikariCPConnectionPool in application-akka.actor.default-dispatcher-8 - datasource [default] bound to JNDI as DefaultDS
2015-10-22 12:07:42,583 [INFO] from play.api.db.DefaultDBApi in application-akka.actor.default-dispatcher-8 - Database [default] connected at jdbc:postgresql://localhost:5432/linuxday2015
2015-10-22 12:07:42,640 [INFO] from application in application-akka.actor.default-dispatcher-8 - Global...on start
2015-10-22 12:07:42,640 [INFO] from play.api.Play in application-akka.actor.default-dispatcher-8 - Application started (Dev)
2015-10-22 12:07:42,657 [WARN] from org.hibernate.ejb.HibernatePersistence in application-akka.actor.default-dispatcher-2 - HHH015016: Encountered a deprecated javax.persistence.spi.PersistenceProvider [org.hibernate.ejb.HibernatePersistence]; use [org.hibernate.jpa.HibernatePersistenceProvider] instead.
2015-10-22 12:07:42,658 [WARN] from org.hibernate.ejb.HibernatePersistence in application-akka.actor.default-dispatcher-2 - HHH015016: Encountered a deprecated javax.persistence.spi.PersistenceProvider [org.hibernate.ejb.HibernatePersistence]; use [org.hibernate.jpa.HibernatePersistenceProvider] instead.
2015-10-22 12:07:42,658 [WARN] from org.hibernate.ejb.HibernatePersistence in application-akka.actor.default-dispatcher-2 - HHH015016: Encountered a deprecated javax.persistence.spi.PersistenceProvider [org.hibernate.ejb.HibernatePersistence]; use [org.hibernate.jpa.HibernatePersistenceProvider] instead.
2015-10-22 12:07:42,895 [ERROR] from org.hibernate.tool.hbm2ddl.SchemaExport in application-akka.actor.default-dispatcher-2 - HHH000389: Unsuccessful: drop sequence warnings_seq
2015-10-22 12:07:42,895 [ERROR] from org.hibernate.tool.hbm2ddl.SchemaExport in application-akka.actor.default-dispatcher-2 - ERROR: sequence "warnings_seq" does not exist
2015-10-22 12:07:42,913 [ERROR] from play.core.server.netty.PlayDefaultUpstreamHandler in application-akka.actor.default-dispatcher-2 - Cannot invoke the action
java.lang.NullPointerException: null
	at controllers.ApplicationController.save(ApplicationController.java:28) ~[classes/:2.4.3]
	at router.Routes$$anonfun$routes$1$$anonfun$applyOrElse$4$$anonfun$apply$4.apply(Routes.scala:149) ~[classes/:na]
	at router.Routes$$anonfun$routes$1$$anonfun$applyOrElse$4$$anonfun$apply$4.apply(Routes.scala:149) ~[classes/:na]
	at play.core.routing.HandlerInvokerFactory$$anon$4.resultCall(HandlerInvoker.scala:136) ~[play_2.11-2.4.3.jar:2.4.3]
	at play.core.routing.HandlerInvokerFactory$JavaActionInvokerFactory$$anon$14$$anon$3$$anon$1.invocation(HandlerInvoker.scala:127) ~[play_2.11-2.4.3.jar:2.4.3]
	at play.core.j.JavaAction$$anon$1.call(JavaAction.scala:70) ~[play_2.11-2.4.3.jar:2.4.3]
	at play.GlobalSettings$1.call(GlobalSettings.java:67) ~[play_2.11-2.4.3.jar:2.4.3]
	at play.db.jpa.TransactionalAction.lambda$call$5(TransactionalAction.java:19) ~[play-java-jpa_2.11-2.4.3.jar:2.4.3]
	at play.db.jpa.DefaultJPAApi.withTransaction(DefaultJPAApi.java:136) ~[play-java-jpa_2.11-2.4.3.jar:2.4.3]
	at play.db.jpa.JPA.withTransaction(JPA.java:159) ~[play-java-jpa_2.11-2.4.3.jar:2.4.3]
	at play.db.jpa.TransactionalAction.call(TransactionalAction.java:16) ~[play-java-jpa_2.11-2.4.3.jar:2.4.3]
	at play.core.j.JavaAction$$anonfun$7.apply(JavaAction.scala:94) ~[play_2.11-2.4.3.jar:2.4.3]
	at play.core.j.JavaAction$$anonfun$7.apply(JavaAction.scala:94) ~[play_2.11-2.4.3.jar:2.4.3]
	at scala.concurrent.impl.Future$PromiseCompletingRunnable.liftedTree1$1(Future.scala:24) ~[scala-library-2.11.6.jar:na]
	at scala.concurrent.impl.Future$PromiseCompletingRunnable.run(Future.scala:24) ~[scala-library-2.11.6.jar:na]
	at play.core.j.HttpExecutionContext$$anon$2.run(HttpExecutionContext.scala:40) ~[play_2.11-2.4.3.jar:2.4.3]
	at play.api.libs.iteratee.Execution$trampoline$.execute(Execution.scala:70) ~[play-iteratees_2.11-2.4.3.jar:2.4.3]
	at play.core.j.HttpExecutionContext.execute(HttpExecutionContext.scala:32) ~[play_2.11-2.4.3.jar:2.4.3]
	at scala.concurrent.impl.Future$.apply(Future.scala:31) ~[scala-library-2.11.6.jar:na]
	at scala.concurrent.Future$.apply(Future.scala:492) ~[scala-library-2.11.6.jar:na]
	at play.core.j.JavaAction.apply(JavaAction.scala:94) ~[play_2.11-2.4.3.jar:2.4.3]
	at play.api.mvc.Action$$anonfun$apply$1$$anonfun$apply$4$$anonfun$apply$5.apply(Action.scala:105) ~[play_2.11-2.4.3.jar:2.4.3]
	at play.api.mvc.Action$$anonfun$apply$1$$anonfun$apply$4$$anonfun$apply$5.apply(Action.scala:105) ~[play_2.11-2.4.3.jar:2.4.3]
	at play.utils.Threads$.withContextClassLoader(Threads.scala:21) ~[play_2.11-2.4.3.jar:2.4.3]
	at play.api.mvc.Action$$anonfun$apply$1$$anonfun$apply$4.apply(Action.scala:104) ~[play_2.11-2.4.3.jar:2.4.3]
	at play.api.mvc.Action$$anonfun$apply$1$$anonfun$apply$4.apply(Action.scala:103) ~[play_2.11-2.4.3.jar:2.4.3]
	at scala.Option.map(Option.scala:146) ~[scala-library-2.11.6.jar:na]
	at play.api.mvc.Action$$anonfun$apply$1.apply(Action.scala:103) ~[play_2.11-2.4.3.jar:2.4.3]
	at play.api.mvc.Action$$anonfun$apply$1.apply(Action.scala:96) ~[play_2.11-2.4.3.jar:2.4.3]
	at play.api.libs.iteratee.Iteratee$$anonfun$mapM$1.apply(Iteratee.scala:524) ~[play-iteratees_2.11-2.4.3.jar:2.4.3]
	at play.api.libs.iteratee.Iteratee$$anonfun$mapM$1.apply(Iteratee.scala:524) ~[play-iteratees_2.11-2.4.3.jar:2.4.3]
	at play.api.libs.iteratee.Iteratee$$anonfun$flatMapM$1.apply(Iteratee.scala:560) ~[play-iteratees_2.11-2.4.3.jar:2.4.3]
	at play.api.libs.iteratee.Iteratee$$anonfun$flatMapM$1.apply(Iteratee.scala:560) ~[play-iteratees_2.11-2.4.3.jar:2.4.3]
	at play.api.libs.iteratee.Iteratee$$anonfun$flatMap$1$$anonfun$apply$14.apply(Iteratee.scala:537) ~[play-iteratees_2.11-2.4.3.jar:2.4.3]
	at play.api.libs.iteratee.Iteratee$$anonfun$flatMap$1$$anonfun$apply$14.apply(Iteratee.scala:537) ~[play-iteratees_2.11-2.4.3.jar:2.4.3]
	at scala.concurrent.impl.Future$PromiseCompletingRunnable.liftedTree1$1(Future.scala:24) ~[scala-library-2.11.6.jar:na]
	at scala.concurrent.impl.Future$PromiseCompletingRunnable.run(Future.scala:24) ~[scala-library-2.11.6.jar:na]
	at akka.dispatch.TaskInvocation.run(AbstractDispatcher.scala:40) [akka-actor_2.11-2.3.13.jar:na]
	at akka.dispatch.ForkJoinExecutorConfigurator$AkkaForkJoinTask.exec(AbstractDispatcher.scala:397) [akka-actor_2.11-2.3.13.jar:na]
	at scala.concurrent.forkjoin.ForkJoinTask.doExec(ForkJoinTask.java:260) [scala-library-2.11.6.jar:na]
	at scala.concurrent.forkjoin.ForkJoinPool$WorkQueue.runTask(ForkJoinPool.java:1339) [scala-library-2.11.6.jar:na]
	at scala.concurrent.forkjoin.ForkJoinPool.runWorker(ForkJoinPool.java:1979) [scala-library-2.11.6.jar:na]
	at scala.concurrent.forkjoin.ForkJoinWorkerThread.run(ForkJoinWorkerThread.java:107) [scala-library-2.11.6.jar:na]
2015-10-22 12:07:42,917 [ERROR] from application in application-akka.actor.default-dispatcher-2 - 

! @6np7i8geo - Internal server error, for (POST) [/save] ->
 
play.api.http.HttpErrorHandlerExceptions$$anon$1: Execution exception[[NullPointerException: null]]
	at play.api.http.HttpErrorHandlerExceptions$.throwableToUsefulException(HttpErrorHandler.scala:265) ~[play_2.11-2.4.3.jar:2.4.3]
	at play.api.http.DefaultHttpErrorHandler.onServerError(HttpErrorHandler.scala:191) ~[play_2.11-2.4.3.jar:2.4.3]
	at play.api.GlobalSettings$class.onError(GlobalSettings.scala:179) [play_2.11-2.4.3.jar:2.4.3]
	at play.core.j.JavaGlobalSettingsAdapter.play$core$j$JavaGlobalSettingsAdapter$$super$onError(JavaGlobalSettingsAdapter.scala:36) [play_2.11-2.4.3.jar:2.4.3]
	at play.core.j.JavaGlobalSettingsAdapter$$anonfun$onError$2.apply(JavaGlobalSettingsAdapter.scala:36) [play_2.11-2.4.3.jar:2.4.3]
	at play.core.j.JavaGlobalSettingsAdapter$$anonfun$onError$2.apply(JavaGlobalSettingsAdapter.scala:36) [play_2.11-2.4.3.jar:2.4.3]
	at scala.Option.getOrElse(Option.scala:121) [scala-library-2.11.6.jar:na]
	at play.core.j.JavaGlobalSettingsAdapter.onError(JavaGlobalSettingsAdapter.scala:36) [play_2.11-2.4.3.jar:2.4.3]
	at play.api.http.GlobalSettingsHttpErrorHandler.onServerError(HttpErrorHandler.scala:94) [play_2.11-2.4.3.jar:2.4.3]
	at play.core.server.netty.PlayDefaultUpstreamHandler$$anonfun$3.applyOrElse(PlayDefaultUpstreamHandler.scala:273) [play-netty-server_2.11-2.4.3.jar:2.4.3]
	at play.core.server.netty.PlayDefaultUpstreamHandler$$anonfun$3.applyOrElse(PlayDefaultUpstreamHandler.scala:269) [play-netty-server_2.11-2.4.3.jar:2.4.3]
	at scala.concurrent.Future$$anonfun$recoverWith$1.apply(Future.scala:344) [scala-library-2.11.6.jar:na]
	at scala.concurrent.Future$$anonfun$recoverWith$1.apply(Future.scala:343) [scala-library-2.11.6.jar:na]
	at scala.concurrent.impl.CallbackRunnable.run(Promise.scala:32) [scala-library-2.11.6.jar:na]
	at play.api.libs.iteratee.Execution$trampoline$.executeScheduled(Execution.scala:109) [play-iteratees_2.11-2.4.3.jar:2.4.3]
	at play.api.libs.iteratee.Execution$trampoline$.execute(Execution.scala:71) [play-iteratees_2.11-2.4.3.jar:2.4.3]
	at scala.concurrent.impl.CallbackRunnable.executeWithValue(Promise.scala:40) [scala-library-2.11.6.jar:na]
	at scala.concurrent.impl.Promise$DefaultPromise.tryComplete(Promise.scala:248) [scala-library-2.11.6.jar:na]
	at scala.concurrent.Promise$class.complete(Promise.scala:55) [scala-library-2.11.6.jar:na]
	at scala.concurrent.impl.Promise$DefaultPromise.complete(Promise.scala:153) [scala-library-2.11.6.jar:na]
	at scala.concurrent.impl.Future$PromiseCompletingRunnable.run(Future.scala:23) [scala-library-2.11.6.jar:na]
	at akka.dispatch.TaskInvocation.run(AbstractDispatcher.scala:40) [akka-actor_2.11-2.3.13.jar:na]
	at akka.dispatch.ForkJoinExecutorConfigurator$AkkaForkJoinTask.exec(AbstractDispatcher.scala:397) [akka-actor_2.11-2.3.13.jar:na]
	at scala.concurrent.forkjoin.ForkJoinTask.doExec(ForkJoinTask.java:260) [scala-library-2.11.6.jar:na]
	at scala.concurrent.forkjoin.ForkJoinPool$WorkQueue.runTask(ForkJoinPool.java:1339) [scala-library-2.11.6.jar:na]
	at scala.concurrent.forkjoin.ForkJoinPool.runWorker(ForkJoinPool.java:1979) [scala-library-2.11.6.jar:na]
	at scala.concurrent.forkjoin.ForkJoinWorkerThread.run(ForkJoinWorkerThread.java:107) [scala-library-2.11.6.jar:na]
Caused by: java.lang.NullPointerException: null
	at controllers.ApplicationController.save(ApplicationController.java:28) ~[classes/:2.4.3]
	at router.Routes$$anonfun$routes$1$$anonfun$applyOrElse$4$$anonfun$apply$4.apply(Routes.scala:149) ~[classes/:na]
	at router.Routes$$anonfun$routes$1$$anonfun$applyOrElse$4$$anonfun$apply$4.apply(Routes.scala:149) ~[classes/:na]
	at play.core.routing.HandlerInvokerFactory$$anon$4.resultCall(HandlerInvoker.scala:136) ~[play_2.11-2.4.3.jar:2.4.3]
	at play.core.routing.HandlerInvokerFactory$JavaActionInvokerFactory$$anon$14$$anon$3$$anon$1.invocation(HandlerInvoker.scala:127) ~[play_2.11-2.4.3.jar:2.4.3]
	at play.core.j.JavaAction$$anon$1.call(JavaAction.scala:70) ~[play_2.11-2.4.3.jar:2.4.3]
	at play.GlobalSettings$1.call(GlobalSettings.java:67) ~[play_2.11-2.4.3.jar:2.4.3]
	at play.db.jpa.TransactionalAction.lambda$call$5(TransactionalAction.java:19) ~[play-java-jpa_2.11-2.4.3.jar:2.4.3]
	at play.db.jpa.DefaultJPAApi.withTransaction(DefaultJPAApi.java:136) ~[play-java-jpa_2.11-2.4.3.jar:2.4.3]
	at play.db.jpa.JPA.withTransaction(JPA.java:159) ~[play-java-jpa_2.11-2.4.3.jar:2.4.3]
	at play.db.jpa.TransactionalAction.call(TransactionalAction.java:16) ~[play-java-jpa_2.11-2.4.3.jar:2.4.3]
	at play.core.j.JavaAction$$anonfun$7.apply(JavaAction.scala:94) ~[play_2.11-2.4.3.jar:2.4.3]
	at play.core.j.JavaAction$$anonfun$7.apply(JavaAction.scala:94) ~[play_2.11-2.4.3.jar:2.4.3]
	at scala.concurrent.impl.Future$PromiseCompletingRunnable.liftedTree1$1(Future.scala:24) [scala-library-2.11.6.jar:na]
	at scala.concurrent.impl.Future$PromiseCompletingRunnable.run(Future.scala:24) [scala-library-2.11.6.jar:na]
	at play.core.j.HttpExecutionContext$$anon$2.run(HttpExecutionContext.scala:40) ~[play_2.11-2.4.3.jar:2.4.3]
	at play.api.libs.iteratee.Execution$trampoline$.execute(Execution.scala:70) [play-iteratees_2.11-2.4.3.jar:2.4.3]
	at play.core.j.HttpExecutionContext.execute(HttpExecutionContext.scala:32) ~[play_2.11-2.4.3.jar:2.4.3]
	at scala.concurrent.impl.Future$.apply(Future.scala:31) ~[scala-library-2.11.6.jar:na]
	at scala.concurrent.Future$.apply(Future.scala:492) ~[scala-library-2.11.6.jar:na]
	at play.core.j.JavaAction.apply(JavaAction.scala:94) ~[play_2.11-2.4.3.jar:2.4.3]
	at play.api.mvc.Action$$anonfun$apply$1$$anonfun$apply$4$$anonfun$apply$5.apply(Action.scala:105) ~[play_2.11-2.4.3.jar:2.4.3]
	at play.api.mvc.Action$$anonfun$apply$1$$anonfun$apply$4$$anonfun$apply$5.apply(Action.scala:105) ~[play_2.11-2.4.3.jar:2.4.3]
	at play.utils.Threads$.withContextClassLoader(Threads.scala:21) ~[play_2.11-2.4.3.jar:2.4.3]
	at play.api.mvc.Action$$anonfun$apply$1$$anonfun$apply$4.apply(Action.scala:104) ~[play_2.11-2.4.3.jar:2.4.3]
	at play.api.mvc.Action$$anonfun$apply$1$$anonfun$apply$4.apply(Action.scala:103) ~[play_2.11-2.4.3.jar:2.4.3]
	at scala.Option.map(Option.scala:146) [scala-library-2.11.6.jar:na]
	at play.api.mvc.Action$$anonfun$apply$1.apply(Action.scala:103) ~[play_2.11-2.4.3.jar:2.4.3]
	at play.api.mvc.Action$$anonfun$apply$1.apply(Action.scala:96) ~[play_2.11-2.4.3.jar:2.4.3]
	at play.api.libs.iteratee.Iteratee$$anonfun$mapM$1.apply(Iteratee.scala:524) ~[play-iteratees_2.11-2.4.3.jar:2.4.3]
	at play.api.libs.iteratee.Iteratee$$anonfun$mapM$1.apply(Iteratee.scala:524) ~[play-iteratees_2.11-2.4.3.jar:2.4.3]
	at play.api.libs.iteratee.Iteratee$$anonfun$flatMapM$1.apply(Iteratee.scala:560) ~[play-iteratees_2.11-2.4.3.jar:2.4.3]
	at play.api.libs.iteratee.Iteratee$$anonfun$flatMapM$1.apply(Iteratee.scala:560) ~[play-iteratees_2.11-2.4.3.jar:2.4.3]
	at play.api.libs.iteratee.Iteratee$$anonfun$flatMap$1$$anonfun$apply$14.apply(Iteratee.scala:537) ~[play-iteratees_2.11-2.4.3.jar:2.4.3]
	at play.api.libs.iteratee.Iteratee$$anonfun$flatMap$1$$anonfun$apply$14.apply(Iteratee.scala:537) ~[play-iteratees_2.11-2.4.3.jar:2.4.3]
	at scala.concurrent.impl.Future$PromiseCompletingRunnable.liftedTree1$1(Future.scala:24) [scala-library-2.11.6.jar:na]
	at scala.concurrent.impl.Future$PromiseCompletingRunnable.run(Future.scala:24) [scala-library-2.11.6.jar:na]
	... 6 common frames omitted
2015-10-22 12:07:51,588 [ERROR] from play.core.server.netty.PlayDefaultUpstreamHandler in application-akka.actor.default-dispatcher-6 - Cannot invoke the action
java.lang.NullPointerException: null
	at controllers.ApplicationController.save(ApplicationController.java:28) ~[classes/:2.4.3]
	at router.Routes$$anonfun$routes$1$$anonfun$applyOrElse$4$$anonfun$apply$4.apply(Routes.scala:149) ~[classes/:na]
	at router.Routes$$anonfun$routes$1$$anonfun$applyOrElse$4$$anonfun$apply$4.apply(Routes.scala:149) ~[classes/:na]
	at play.core.routing.HandlerInvokerFactory$$anon$4.resultCall(HandlerInvoker.scala:136) ~[play_2.11-2.4.3.jar:2.4.3]
	at play.core.routing.HandlerInvokerFactory$JavaActionInvokerFactory$$anon$14$$anon$3$$anon$1.invocation(HandlerInvoker.scala:127) ~[play_2.11-2.4.3.jar:2.4.3]
	at play.core.j.JavaAction$$anon$1.call(JavaAction.scala:70) ~[play_2.11-2.4.3.jar:2.4.3]
	at play.GlobalSettings$1.call(GlobalSettings.java:67) ~[play_2.11-2.4.3.jar:2.4.3]
	at play.db.jpa.TransactionalAction.lambda$call$5(TransactionalAction.java:19) ~[play-java-jpa_2.11-2.4.3.jar:2.4.3]
	at play.db.jpa.DefaultJPAApi.withTransaction(DefaultJPAApi.java:136) ~[play-java-jpa_2.11-2.4.3.jar:2.4.3]
	at play.db.jpa.JPA.withTransaction(JPA.java:159) ~[play-java-jpa_2.11-2.4.3.jar:2.4.3]
	at play.db.jpa.TransactionalAction.call(TransactionalAction.java:16) ~[play-java-jpa_2.11-2.4.3.jar:2.4.3]
	at play.core.j.JavaAction$$anonfun$7.apply(JavaAction.scala:94) ~[play_2.11-2.4.3.jar:2.4.3]
	at play.core.j.JavaAction$$anonfun$7.apply(JavaAction.scala:94) ~[play_2.11-2.4.3.jar:2.4.3]
	at scala.concurrent.impl.Future$PromiseCompletingRunnable.liftedTree1$1(Future.scala:24) ~[scala-library-2.11.6.jar:na]
	at scala.concurrent.impl.Future$PromiseCompletingRunnable.run(Future.scala:24) ~[scala-library-2.11.6.jar:na]
	at play.core.j.HttpExecutionContext$$anon$2.run(HttpExecutionContext.scala:40) ~[play_2.11-2.4.3.jar:2.4.3]
	at play.api.libs.iteratee.Execution$trampoline$.execute(Execution.scala:70) ~[play-iteratees_2.11-2.4.3.jar:2.4.3]
	at play.core.j.HttpExecutionContext.execute(HttpExecutionContext.scala:32) ~[play_2.11-2.4.3.jar:2.4.3]
	at scala.concurrent.impl.Future$.apply(Future.scala:31) ~[scala-library-2.11.6.jar:na]
	at scala.concurrent.Future$.apply(Future.scala:492) ~[scala-library-2.11.6.jar:na]
	at play.core.j.JavaAction.apply(JavaAction.scala:94) ~[play_2.11-2.4.3.jar:2.4.3]
	at play.api.mvc.Action$$anonfun$apply$1$$anonfun$apply$4$$anonfun$apply$5.apply(Action.scala:105) ~[play_2.11-2.4.3.jar:2.4.3]
	at play.api.mvc.Action$$anonfun$apply$1$$anonfun$apply$4$$anonfun$apply$5.apply(Action.scala:105) ~[play_2.11-2.4.3.jar:2.4.3]
	at play.utils.Threads$.withContextClassLoader(Threads.scala:21) ~[play_2.11-2.4.3.jar:2.4.3]
	at play.api.mvc.Action$$anonfun$apply$1$$anonfun$apply$4.apply(Action.scala:104) ~[play_2.11-2.4.3.jar:2.4.3]
	at play.api.mvc.Action$$anonfun$apply$1$$anonfun$apply$4.apply(Action.scala:103) ~[play_2.11-2.4.3.jar:2.4.3]
	at scala.Option.map(Option.scala:146) ~[scala-library-2.11.6.jar:na]
	at play.api.mvc.Action$$anonfun$apply$1.apply(Action.scala:103) ~[play_2.11-2.4.3.jar:2.4.3]
	at play.api.mvc.Action$$anonfun$apply$1.apply(Action.scala:96) ~[play_2.11-2.4.3.jar:2.4.3]
	at play.api.libs.iteratee.Iteratee$$anonfun$mapM$1.apply(Iteratee.scala:524) ~[play-iteratees_2.11-2.4.3.jar:2.4.3]
	at play.api.libs.iteratee.Iteratee$$anonfun$mapM$1.apply(Iteratee.scala:524) ~[play-iteratees_2.11-2.4.3.jar:2.4.3]
	at play.api.libs.iteratee.Iteratee$$anonfun$flatMapM$1.apply(Iteratee.scala:560) ~[play-iteratees_2.11-2.4.3.jar:2.4.3]
	at play.api.libs.iteratee.Iteratee$$anonfun$flatMapM$1.apply(Iteratee.scala:560) ~[play-iteratees_2.11-2.4.3.jar:2.4.3]
	at play.api.libs.iteratee.Iteratee$$anonfun$flatMap$1$$anonfun$apply$14.apply(Iteratee.scala:537) ~[play-iteratees_2.11-2.4.3.jar:2.4.3]
	at play.api.libs.iteratee.Iteratee$$anonfun$flatMap$1$$anonfun$apply$14.apply(Iteratee.scala:537) ~[play-iteratees_2.11-2.4.3.jar:2.4.3]
	at scala.concurrent.impl.Future$PromiseCompletingRunnable.liftedTree1$1(Future.scala:24) ~[scala-library-2.11.6.jar:na]
	at scala.concurrent.impl.Future$PromiseCompletingRunnable.run(Future.scala:24) ~[scala-library-2.11.6.jar:na]
	at akka.dispatch.TaskInvocation.run(AbstractDispatcher.scala:40) [akka-actor_2.11-2.3.13.jar:na]
	at akka.dispatch.ForkJoinExecutorConfigurator$AkkaForkJoinTask.exec(AbstractDispatcher.scala:397) [akka-actor_2.11-2.3.13.jar:na]
	at scala.concurrent.forkjoin.ForkJoinTask.doExec(ForkJoinTask.java:260) [scala-library-2.11.6.jar:na]
	at scala.concurrent.forkjoin.ForkJoinPool$WorkQueue.runTask(ForkJoinPool.java:1339) [scala-library-2.11.6.jar:na]
	at scala.concurrent.forkjoin.ForkJoinPool.runWorker(ForkJoinPool.java:1979) [scala-library-2.11.6.jar:na]
	at scala.concurrent.forkjoin.ForkJoinWorkerThread.run(ForkJoinWorkerThread.java:107) [scala-library-2.11.6.jar:na]
2015-10-22 12:07:51,591 [ERROR] from application in application-akka.actor.default-dispatcher-6 - 

! @6np7i93af - Internal server error, for (POST) [/save] ->
 
play.api.http.HttpErrorHandlerExceptions$$anon$1: Execution exception[[NullPointerException: null]]
	at play.api.http.HttpErrorHandlerExceptions$.throwableToUsefulException(HttpErrorHandler.scala:265) ~[play_2.11-2.4.3.jar:2.4.3]
	at play.api.http.DefaultHttpErrorHandler.onServerError(HttpErrorHandler.scala:191) ~[play_2.11-2.4.3.jar:2.4.3]
	at play.api.GlobalSettings$class.onError(GlobalSettings.scala:179) [play_2.11-2.4.3.jar:2.4.3]
	at play.core.j.JavaGlobalSettingsAdapter.play$core$j$JavaGlobalSettingsAdapter$$super$onError(JavaGlobalSettingsAdapter.scala:36) [play_2.11-2.4.3.jar:2.4.3]
	at play.core.j.JavaGlobalSettingsAdapter$$anonfun$onError$2.apply(JavaGlobalSettingsAdapter.scala:36) [play_2.11-2.4.3.jar:2.4.3]
	at play.core.j.JavaGlobalSettingsAdapter$$anonfun$onError$2.apply(JavaGlobalSettingsAdapter.scala:36) [play_2.11-2.4.3.jar:2.4.3]
	at scala.Option.getOrElse(Option.scala:121) [scala-library-2.11.6.jar:na]
	at play.core.j.JavaGlobalSettingsAdapter.onError(JavaGlobalSettingsAdapter.scala:36) [play_2.11-2.4.3.jar:2.4.3]
	at play.api.http.GlobalSettingsHttpErrorHandler.onServerError(HttpErrorHandler.scala:94) [play_2.11-2.4.3.jar:2.4.3]
	at play.core.server.netty.PlayDefaultUpstreamHandler$$anonfun$3.applyOrElse(PlayDefaultUpstreamHandler.scala:273) [play-netty-server_2.11-2.4.3.jar:2.4.3]
	at play.core.server.netty.PlayDefaultUpstreamHandler$$anonfun$3.applyOrElse(PlayDefaultUpstreamHandler.scala:269) [play-netty-server_2.11-2.4.3.jar:2.4.3]
	at scala.concurrent.Future$$anonfun$recoverWith$1.apply(Future.scala:344) [scala-library-2.11.6.jar:na]
	at scala.concurrent.Future$$anonfun$recoverWith$1.apply(Future.scala:343) [scala-library-2.11.6.jar:na]
	at scala.concurrent.impl.CallbackRunnable.run(Promise.scala:32) [scala-library-2.11.6.jar:na]
	at play.api.libs.iteratee.Execution$trampoline$.executeScheduled(Execution.scala:109) [play-iteratees_2.11-2.4.3.jar:2.4.3]
	at play.api.libs.iteratee.Execution$trampoline$.execute(Execution.scala:71) [play-iteratees_2.11-2.4.3.jar:2.4.3]
	at scala.concurrent.impl.CallbackRunnable.executeWithValue(Promise.scala:40) [scala-library-2.11.6.jar:na]
	at scala.concurrent.impl.Promise$DefaultPromise.tryComplete(Promise.scala:248) [scala-library-2.11.6.jar:na]
	at scala.concurrent.Promise$class.complete(Promise.scala:55) [scala-library-2.11.6.jar:na]
	at scala.concurrent.impl.Promise$DefaultPromise.complete(Promise.scala:153) [scala-library-2.11.6.jar:na]
	at scala.concurrent.impl.Future$PromiseCompletingRunnable.run(Future.scala:23) [scala-library-2.11.6.jar:na]
	at akka.dispatch.TaskInvocation.run(AbstractDispatcher.scala:40) [akka-actor_2.11-2.3.13.jar:na]
	at akka.dispatch.ForkJoinExecutorConfigurator$AkkaForkJoinTask.exec(AbstractDispatcher.scala:397) [akka-actor_2.11-2.3.13.jar:na]
	at scala.concurrent.forkjoin.ForkJoinTask.doExec(ForkJoinTask.java:260) [scala-library-2.11.6.jar:na]
	at scala.concurrent.forkjoin.ForkJoinPool$WorkQueue.runTask(ForkJoinPool.java:1339) [scala-library-2.11.6.jar:na]
	at scala.concurrent.forkjoin.ForkJoinPool.runWorker(ForkJoinPool.java:1979) [scala-library-2.11.6.jar:na]
	at scala.concurrent.forkjoin.ForkJoinWorkerThread.run(ForkJoinWorkerThread.java:107) [scala-library-2.11.6.jar:na]
Caused by: java.lang.NullPointerException: null
	at controllers.ApplicationController.save(ApplicationController.java:28) ~[classes/:2.4.3]
	at router.Routes$$anonfun$routes$1$$anonfun$applyOrElse$4$$anonfun$apply$4.apply(Routes.scala:149) ~[classes/:na]
	at router.Routes$$anonfun$routes$1$$anonfun$applyOrElse$4$$anonfun$apply$4.apply(Routes.scala:149) ~[classes/:na]
	at play.core.routing.HandlerInvokerFactory$$anon$4.resultCall(HandlerInvoker.scala:136) ~[play_2.11-2.4.3.jar:2.4.3]
	at play.core.routing.HandlerInvokerFactory$JavaActionInvokerFactory$$anon$14$$anon$3$$anon$1.invocation(HandlerInvoker.scala:127) ~[play_2.11-2.4.3.jar:2.4.3]
	at play.core.j.JavaAction$$anon$1.call(JavaAction.scala:70) ~[play_2.11-2.4.3.jar:2.4.3]
	at play.GlobalSettings$1.call(GlobalSettings.java:67) ~[play_2.11-2.4.3.jar:2.4.3]
	at play.db.jpa.TransactionalAction.lambda$call$5(TransactionalAction.java:19) ~[play-java-jpa_2.11-2.4.3.jar:2.4.3]
	at play.db.jpa.DefaultJPAApi.withTransaction(DefaultJPAApi.java:136) ~[play-java-jpa_2.11-2.4.3.jar:2.4.3]
	at play.db.jpa.JPA.withTransaction(JPA.java:159) ~[play-java-jpa_2.11-2.4.3.jar:2.4.3]
	at play.db.jpa.TransactionalAction.call(TransactionalAction.java:16) ~[play-java-jpa_2.11-2.4.3.jar:2.4.3]
	at play.core.j.JavaAction$$anonfun$7.apply(JavaAction.scala:94) ~[play_2.11-2.4.3.jar:2.4.3]
	at play.core.j.JavaAction$$anonfun$7.apply(JavaAction.scala:94) ~[play_2.11-2.4.3.jar:2.4.3]
	at scala.concurrent.impl.Future$PromiseCompletingRunnable.liftedTree1$1(Future.scala:24) [scala-library-2.11.6.jar:na]
	at scala.concurrent.impl.Future$PromiseCompletingRunnable.run(Future.scala:24) [scala-library-2.11.6.jar:na]
	at play.core.j.HttpExecutionContext$$anon$2.run(HttpExecutionContext.scala:40) ~[play_2.11-2.4.3.jar:2.4.3]
	at play.api.libs.iteratee.Execution$trampoline$.execute(Execution.scala:70) [play-iteratees_2.11-2.4.3.jar:2.4.3]
	at play.core.j.HttpExecutionContext.execute(HttpExecutionContext.scala:32) ~[play_2.11-2.4.3.jar:2.4.3]
	at scala.concurrent.impl.Future$.apply(Future.scala:31) ~[scala-library-2.11.6.jar:na]
	at scala.concurrent.Future$.apply(Future.scala:492) ~[scala-library-2.11.6.jar:na]
	at play.core.j.JavaAction.apply(JavaAction.scala:94) ~[play_2.11-2.4.3.jar:2.4.3]
	at play.api.mvc.Action$$anonfun$apply$1$$anonfun$apply$4$$anonfun$apply$5.apply(Action.scala:105) ~[play_2.11-2.4.3.jar:2.4.3]
	at play.api.mvc.Action$$anonfun$apply$1$$anonfun$apply$4$$anonfun$apply$5.apply(Action.scala:105) ~[play_2.11-2.4.3.jar:2.4.3]
	at play.utils.Threads$.withContextClassLoader(Threads.scala:21) ~[play_2.11-2.4.3.jar:2.4.3]
	at play.api.mvc.Action$$anonfun$apply$1$$anonfun$apply$4.apply(Action.scala:104) ~[play_2.11-2.4.3.jar:2.4.3]
	at play.api.mvc.Action$$anonfun$apply$1$$anonfun$apply$4.apply(Action.scala:103) ~[play_2.11-2.4.3.jar:2.4.3]
	at scala.Option.map(Option.scala:146) [scala-library-2.11.6.jar:na]
	at play.api.mvc.Action$$anonfun$apply$1.apply(Action.scala:103) ~[play_2.11-2.4.3.jar:2.4.3]
	at play.api.mvc.Action$$anonfun$apply$1.apply(Action.scala:96) ~[play_2.11-2.4.3.jar:2.4.3]
	at play.api.libs.iteratee.Iteratee$$anonfun$mapM$1.apply(Iteratee.scala:524) ~[play-iteratees_2.11-2.4.3.jar:2.4.3]
	at play.api.libs.iteratee.Iteratee$$anonfun$mapM$1.apply(Iteratee.scala:524) ~[play-iteratees_2.11-2.4.3.jar:2.4.3]
	at play.api.libs.iteratee.Iteratee$$anonfun$flatMapM$1.apply(Iteratee.scala:560) ~[play-iteratees_2.11-2.4.3.jar:2.4.3]
	at play.api.libs.iteratee.Iteratee$$anonfun$flatMapM$1.apply(Iteratee.scala:560) ~[play-iteratees_2.11-2.4.3.jar:2.4.3]
	at play.api.libs.iteratee.Iteratee$$anonfun$flatMap$1$$anonfun$apply$14.apply(Iteratee.scala:537) ~[play-iteratees_2.11-2.4.3.jar:2.4.3]
	at play.api.libs.iteratee.Iteratee$$anonfun$flatMap$1$$anonfun$apply$14.apply(Iteratee.scala:537) ~[play-iteratees_2.11-2.4.3.jar:2.4.3]
	at scala.concurrent.impl.Future$PromiseCompletingRunnable.liftedTree1$1(Future.scala:24) [scala-library-2.11.6.jar:na]
	at scala.concurrent.impl.Future$PromiseCompletingRunnable.run(Future.scala:24) [scala-library-2.11.6.jar:na]
	... 6 common frames omitted
2015-10-22 12:09:20,322 [INFO] from application in application-akka.actor.default-dispatcher-5 - Shutting down connection pool.
2015-10-22 12:09:20,665 [INFO] from application in application-akka.actor.default-dispatcher-5 - Creating Pool for datasource 'default'
2015-10-22 12:09:20,679 [INFO] from play.api.db.HikariCPConnectionPool in application-akka.actor.default-dispatcher-5 - datasource [default] bound to JNDI as DefaultDS
2015-10-22 12:09:20,680 [INFO] from play.api.db.DefaultDBApi in application-akka.actor.default-dispatcher-5 - Database [default] connected at jdbc:postgresql://localhost:5432/linuxday2015
2015-10-22 12:09:20,727 [INFO] from application in application-akka.actor.default-dispatcher-5 - Global...on start
2015-10-22 12:09:20,728 [INFO] from play.api.Play in application-akka.actor.default-dispatcher-5 - Application started (Dev)
2015-10-22 12:09:21,255 [WARN] from org.hibernate.ejb.HibernatePersistence in application-akka.actor.default-dispatcher-5 - HHH015016: Encountered a deprecated javax.persistence.spi.PersistenceProvider [org.hibernate.ejb.HibernatePersistence]; use [org.hibernate.jpa.HibernatePersistenceProvider] instead.
2015-10-22 12:09:21,256 [WARN] from org.hibernate.ejb.HibernatePersistence in application-akka.actor.default-dispatcher-5 - HHH015016: Encountered a deprecated javax.persistence.spi.PersistenceProvider [org.hibernate.ejb.HibernatePersistence]; use [org.hibernate.jpa.HibernatePersistenceProvider] instead.
2015-10-22 12:09:21,256 [WARN] from org.hibernate.ejb.HibernatePersistence in application-akka.actor.default-dispatcher-5 - HHH015016: Encountered a deprecated javax.persistence.spi.PersistenceProvider [org.hibernate.ejb.HibernatePersistence]; use [org.hibernate.jpa.HibernatePersistenceProvider] instead.
2015-10-22 12:09:21,598 [ERROR] from org.hibernate.tool.hbm2ddl.SchemaExport in application-akka.actor.default-dispatcher-5 - HHH000389: Unsuccessful: drop sequence warnings_seq
2015-10-22 12:09:21,598 [ERROR] from org.hibernate.tool.hbm2ddl.SchemaExport in application-akka.actor.default-dispatcher-5 - ERROR: sequence "warnings_seq" does not exist
2015-10-22 12:10:09,798 [INFO] from application in application-akka.actor.default-dispatcher-3 - Shutting down connection pool.
2015-10-22 12:10:09,871 [INFO] from application in application-akka.actor.default-dispatcher-3 - Creating Pool for datasource 'default'
2015-10-22 12:10:09,886 [INFO] from play.api.db.HikariCPConnectionPool in application-akka.actor.default-dispatcher-3 - datasource [default] bound to JNDI as DefaultDS
2015-10-22 12:10:09,887 [INFO] from play.api.db.DefaultDBApi in application-akka.actor.default-dispatcher-3 - Database [default] connected at jdbc:postgresql://localhost:5432/linuxday2015
2015-10-22 12:10:09,978 [INFO] from application in application-akka.actor.default-dispatcher-3 - Global...on start
2015-10-22 12:10:09,978 [INFO] from play.api.Play in application-akka.actor.default-dispatcher-3 - Application started (Dev)
2015-10-22 12:10:10,001 [WARN] from org.hibernate.ejb.HibernatePersistence in application-akka.actor.default-dispatcher-3 - HHH015016: Encountered a deprecated javax.persistence.spi.PersistenceProvider [org.hibernate.ejb.HibernatePersistence]; use [org.hibernate.jpa.HibernatePersistenceProvider] instead.
2015-10-22 12:10:10,002 [WARN] from org.hibernate.ejb.HibernatePersistence in application-akka.actor.default-dispatcher-3 - HHH015016: Encountered a deprecated javax.persistence.spi.PersistenceProvider [org.hibernate.ejb.HibernatePersistence]; use [org.hibernate.jpa.HibernatePersistenceProvider] instead.
2015-10-22 12:10:10,002 [WARN] from org.hibernate.ejb.HibernatePersistence in application-akka.actor.default-dispatcher-3 - HHH015016: Encountered a deprecated javax.persistence.spi.PersistenceProvider [org.hibernate.ejb.HibernatePersistence]; use [org.hibernate.jpa.HibernatePersistenceProvider] instead.
2015-10-22 12:10:10,237 [ERROR] from org.hibernate.tool.hbm2ddl.SchemaExport in application-akka.actor.default-dispatcher-3 - HHH000389: Unsuccessful: drop sequence warnings_seq
2015-10-22 12:10:10,237 [ERROR] from org.hibernate.tool.hbm2ddl.SchemaExport in application-akka.actor.default-dispatcher-3 - ERROR: sequence "warnings_seq" does not exist
2015-10-22 12:12:27,115 [INFO] from application in application-akka.actor.default-dispatcher-2 - Shutting down connection pool.
2015-10-22 12:12:27,510 [INFO] from application in application-akka.actor.default-dispatcher-2 - Creating Pool for datasource 'default'
2015-10-22 12:12:27,516 [INFO] from play.api.db.HikariCPConnectionPool in application-akka.actor.default-dispatcher-2 - datasource [default] bound to JNDI as DefaultDS
2015-10-22 12:12:27,517 [INFO] from play.api.db.DefaultDBApi in application-akka.actor.default-dispatcher-2 - Database [default] connected at jdbc:postgresql://localhost:5432/linuxday2015
2015-10-22 12:12:27,579 [INFO] from application in application-akka.actor.default-dispatcher-2 - Global...on start
2015-10-22 12:12:27,580 [INFO] from play.api.Play in application-akka.actor.default-dispatcher-2 - Application started (Dev)
2015-10-22 12:12:28,160 [WARN] from org.hibernate.ejb.HibernatePersistence in application-akka.actor.default-dispatcher-8 - HHH015016: Encountered a deprecated javax.persistence.spi.PersistenceProvider [org.hibernate.ejb.HibernatePersistence]; use [org.hibernate.jpa.HibernatePersistenceProvider] instead.
2015-10-22 12:12:28,161 [WARN] from org.hibernate.ejb.HibernatePersistence in application-akka.actor.default-dispatcher-8 - HHH015016: Encountered a deprecated javax.persistence.spi.PersistenceProvider [org.hibernate.ejb.HibernatePersistence]; use [org.hibernate.jpa.HibernatePersistenceProvider] instead.
2015-10-22 12:12:28,161 [WARN] from org.hibernate.ejb.HibernatePersistence in application-akka.actor.default-dispatcher-8 - HHH015016: Encountered a deprecated javax.persistence.spi.PersistenceProvider [org.hibernate.ejb.HibernatePersistence]; use [org.hibernate.jpa.HibernatePersistenceProvider] instead.
2015-10-22 12:12:28,436 [ERROR] from org.hibernate.tool.hbm2ddl.SchemaExport in application-akka.actor.default-dispatcher-8 - HHH000389: Unsuccessful: drop sequence warnings_seq
2015-10-22 12:12:28,436 [ERROR] from org.hibernate.tool.hbm2ddl.SchemaExport in application-akka.actor.default-dispatcher-8 - ERROR: sequence "warnings_seq" does not exist
2015-10-22 12:36:26,262 [INFO] from application in application-akka.actor.default-dispatcher-3 - Shutting down connection pool.
2015-10-22 12:36:26,642 [INFO] from application in application-akka.actor.default-dispatcher-3 - Creating Pool for datasource 'default'
2015-10-22 12:36:26,659 [INFO] from play.api.db.HikariCPConnectionPool in application-akka.actor.default-dispatcher-3 - datasource [default] bound to JNDI as DefaultDS
2015-10-22 12:36:26,659 [INFO] from play.api.db.DefaultDBApi in application-akka.actor.default-dispatcher-3 - Database [default] connected at jdbc:postgresql://localhost:5432/linuxday2015
2015-10-22 12:36:26,725 [INFO] from application in application-akka.actor.default-dispatcher-3 - Global...on start
2015-10-22 12:36:26,725 [INFO] from play.api.Play in application-akka.actor.default-dispatcher-3 - Application started (Dev)
2015-10-22 12:36:27,206 [WARN] from org.hibernate.ejb.HibernatePersistence in application-akka.actor.default-dispatcher-5 - HHH015016: Encountered a deprecated javax.persistence.spi.PersistenceProvider [org.hibernate.ejb.HibernatePersistence]; use [org.hibernate.jpa.HibernatePersistenceProvider] instead.
2015-10-22 12:36:27,207 [WARN] from org.hibernate.ejb.HibernatePersistence in application-akka.actor.default-dispatcher-5 - HHH015016: Encountered a deprecated javax.persistence.spi.PersistenceProvider [org.hibernate.ejb.HibernatePersistence]; use [org.hibernate.jpa.HibernatePersistenceProvider] instead.
2015-10-22 12:36:27,207 [WARN] from org.hibernate.ejb.HibernatePersistence in application-akka.actor.default-dispatcher-5 - HHH015016: Encountered a deprecated javax.persistence.spi.PersistenceProvider [org.hibernate.ejb.HibernatePersistence]; use [org.hibernate.jpa.HibernatePersistenceProvider] instead.
2015-10-22 12:36:27,621 [ERROR] from org.hibernate.tool.hbm2ddl.SchemaExport in application-akka.actor.default-dispatcher-5 - HHH000389: Unsuccessful: drop sequence warnings_seq
2015-10-22 12:36:27,621 [ERROR] from org.hibernate.tool.hbm2ddl.SchemaExport in application-akka.actor.default-dispatcher-5 - ERROR: sequence "warnings_seq" does not exist
2015-10-22 12:37:04,192 [INFO] from application in application-akka.actor.default-dispatcher-8 - Shutting down connection pool.
2015-10-22 12:37:04,234 [INFO] from application in application-akka.actor.default-dispatcher-8 - Creating Pool for datasource 'default'
2015-10-22 12:37:04,245 [INFO] from play.api.db.HikariCPConnectionPool in application-akka.actor.default-dispatcher-8 - datasource [default] bound to JNDI as DefaultDS
2015-10-22 12:37:04,246 [INFO] from play.api.db.DefaultDBApi in application-akka.actor.default-dispatcher-8 - Database [default] connected at jdbc:postgresql://localhost:5432/linuxday2015
2015-10-22 12:37:04,294 [INFO] from application in application-akka.actor.default-dispatcher-8 - Global...on start
2015-10-22 12:37:04,294 [INFO] from play.api.Play in application-akka.actor.default-dispatcher-8 - Application started (Dev)
2015-10-22 12:37:04,623 [WARN] from org.hibernate.ejb.HibernatePersistence in application-akka.actor.default-dispatcher-4 - HHH015016: Encountered a deprecated javax.persistence.spi.PersistenceProvider [org.hibernate.ejb.HibernatePersistence]; use [org.hibernate.jpa.HibernatePersistenceProvider] instead.
2015-10-22 12:37:04,624 [WARN] from org.hibernate.ejb.HibernatePersistence in application-akka.actor.default-dispatcher-4 - HHH015016: Encountered a deprecated javax.persistence.spi.PersistenceProvider [org.hibernate.ejb.HibernatePersistence]; use [org.hibernate.jpa.HibernatePersistenceProvider] instead.
2015-10-22 12:37:04,624 [WARN] from org.hibernate.ejb.HibernatePersistence in application-akka.actor.default-dispatcher-4 - HHH015016: Encountered a deprecated javax.persistence.spi.PersistenceProvider [org.hibernate.ejb.HibernatePersistence]; use [org.hibernate.jpa.HibernatePersistenceProvider] instead.
2015-10-22 12:37:04,913 [ERROR] from org.hibernate.tool.hbm2ddl.SchemaExport in application-akka.actor.default-dispatcher-4 - HHH000389: Unsuccessful: drop sequence warnings_seq
2015-10-22 12:37:04,913 [ERROR] from org.hibernate.tool.hbm2ddl.SchemaExport in application-akka.actor.default-dispatcher-4 - ERROR: sequence "warnings_seq" does not exist
2015-10-22 12:38:39,602 [INFO] from application in application-akka.actor.default-dispatcher-9 - Shutting down connection pool.
2015-10-22 12:38:40,015 [INFO] from application in application-akka.actor.default-dispatcher-9 - Creating Pool for datasource 'default'
2015-10-22 12:38:40,022 [INFO] from play.api.db.HikariCPConnectionPool in application-akka.actor.default-dispatcher-9 - datasource [default] bound to JNDI as DefaultDS
2015-10-22 12:38:40,023 [INFO] from play.api.db.DefaultDBApi in application-akka.actor.default-dispatcher-9 - Database [default] connected at jdbc:postgresql://localhost:5432/linuxday2015
2015-10-22 12:38:40,070 [INFO] from application in application-akka.actor.default-dispatcher-9 - Global...on start
2015-10-22 12:38:40,070 [INFO] from play.api.Play in application-akka.actor.default-dispatcher-9 - Application started (Dev)
2015-10-22 12:38:40,663 [WARN] from org.hibernate.ejb.HibernatePersistence in application-akka.actor.default-dispatcher-6 - HHH015016: Encountered a deprecated javax.persistence.spi.PersistenceProvider [org.hibernate.ejb.HibernatePersistence]; use [org.hibernate.jpa.HibernatePersistenceProvider] instead.
2015-10-22 12:38:40,664 [WARN] from org.hibernate.ejb.HibernatePersistence in application-akka.actor.default-dispatcher-6 - HHH015016: Encountered a deprecated javax.persistence.spi.PersistenceProvider [org.hibernate.ejb.HibernatePersistence]; use [org.hibernate.jpa.HibernatePersistenceProvider] instead.
2015-10-22 12:38:40,664 [WARN] from org.hibernate.ejb.HibernatePersistence in application-akka.actor.default-dispatcher-6 - HHH015016: Encountered a deprecated javax.persistence.spi.PersistenceProvider [org.hibernate.ejb.HibernatePersistence]; use [org.hibernate.jpa.HibernatePersistenceProvider] instead.
2015-10-22 12:38:40,902 [ERROR] from org.hibernate.tool.hbm2ddl.SchemaExport in application-akka.actor.default-dispatcher-6 - HHH000389: Unsuccessful: drop sequence warnings_seq
2015-10-22 12:38:40,902 [ERROR] from org.hibernate.tool.hbm2ddl.SchemaExport in application-akka.actor.default-dispatcher-6 - ERROR: sequence "warnings_seq" does not exist
2015-10-22 15:41:59,784 [INFO] from application in pool-241-thread-1 - Shutting down connection pool.
